[debug] [2021-05-31T04:02:13.722Z] ----------------------------------------------------------------------
[debug] [2021-05-31T04:02:13.730Z] Command:       C:\Program Files (x86)\nodejs\node.exe C:\Users\Zebronics\AppData\Roaming\npm\node_modules\firebase-tools\lib\bin\firebase.js emulators:start
[debug] [2021-05-31T04:02:13.731Z] CLI Version:   9.12.0
[debug] [2021-05-31T04:02:13.731Z] Platform:      win32
[debug] [2021-05-31T04:02:13.731Z] Node Version:  v14.17.0
[debug] [2021-05-31T04:02:13.770Z] Time:          Mon May 31 2021 09:32:13 GMT+0530 (India Standard Time)
[debug] [2021-05-31T04:02:13.770Z] ----------------------------------------------------------------------
[debug] 
[debug] [2021-05-31T04:02:13.795Z] > command requires scopes: ["email","openid","https://www.googleapis.com/auth/cloudplatformprojects.readonly","https://www.googleapis.com/auth/firebase","https://www.googleapis.com/auth/cloud-platform"]
[debug] [2021-05-31T04:02:13.795Z] > authorizing via signed-in user (mdshahansha822@gmail.com)
[info] i  emulators: Starting emulators: functions, hosting {"metadata":{"emulator":{"name":"hub"},"message":"Starting emulators: functions, hosting"}}
[debug] [2021-05-31T04:02:13.912Z] [hub] writing locator at C:\PROGRA~1\KMSpico\temp\hub-clone-4d3a2.json
[warn] !  functions: The following emulators are not running, calls to these services from the Functions emulator will affect production: auth, firestore, database, pubsub, storage {"metadata":{"emulator":{"name":"functions"},"message":"The following emulators are not running, calls to these services from the Functions emulator will affect production: \u001b[1mauth, firestore, database, pubsub, storage\u001b[22m"}}
[info] +  functions: Using node@14 from host. {"metadata":{"emulator":{"name":"functions"},"message":"Using node@14 from host."}}
[debug] [2021-05-31T04:02:13.978Z] defaultcredentials: writing to file C:\Users\Zebronics\AppData\Roaming\firebase\mdshahansha822_gmail_com_application_default_credentials.json
[debug] [2021-05-31T04:02:13.982Z] Setting GAC to C:\Users\Zebronics\AppData\Roaming\firebase\mdshahansha822_gmail_com_application_default_credentials.json {"metadata":{"emulator":{"name":"functions"},"message":"Setting GAC to C:\\Users\\Zebronics\\AppData\\Roaming\\firebase\\mdshahansha822_gmail_com_application_default_credentials.json"}}
[debug] [2021-05-31T04:02:13.985Z] > refreshing access token with scopes: []
[debug] [2021-05-31T04:02:13.986Z] >>> HTTP REQUEST POST https://www.googleapis.com/oauth2/v3/token  
 <request body omitted>
[debug] [2021-05-31T04:02:15.484Z] <<< HTTP RESPONSE 200 {"pragma":"no-cache","cache-control":"no-cache, no-store, max-age=0, must-revalidate","date":"Mon, 31 May 2021 04:02:15 GMT","expires":"Mon, 01 Jan 1990 00:00:00 GMT","content-type":"application/json; charset=utf-8","vary":"X-Origin, Referer, Origin,Accept-Encoding","server":"scaffolding on HTTPServer2","x-xss-protection":"0","x-frame-options":"SAMEORIGIN","x-content-type-options":"nosniff","alt-svc":"h3-29=\":443\"; ma=2592000,h3-T051=\":443\"; ma=2592000,h3-Q050=\":443\"; ma=2592000,h3-Q046=\":443\"; ma=2592000,h3-Q043=\":443\"; ma=2592000,quic=\":443\"; ma=2592000; v=\"46,43\"","accept-ranges":"none","transfer-encoding":"chunked"}
[debug] [2021-05-31T04:02:15.679Z] >>> [apiv2][query] GET https://firebase.googleapis.com/v1beta1/projects/clone-4d3a2/adminSdkConfig [none]
[debug] [2021-05-31T04:02:17.473Z] <<< [apiv2][status] GET https://firebase.googleapis.com/v1beta1/projects/clone-4d3a2/adminSdkConfig 200
[debug] [2021-05-31T04:02:17.473Z] <<< [apiv2][body] GET https://firebase.googleapis.com/v1beta1/projects/clone-4d3a2/adminSdkConfig {"projectId":"clone-4d3a2","databaseURL":"https://clone-4d3a2-default-rtdb.firebaseio.com","storageBucket":"clone-4d3a2.appspot.com","locationId":"asia-southeast2"}
[debug] [2021-05-31T04:02:17.504Z] >>> [apiv2][query] GET https://firebasehosting.googleapis.com/v1beta1/projects/clone-4d3a2/sites 
[debug] [2021-05-31T04:02:21.869Z] <<< [apiv2][status] GET https://firebasehosting.googleapis.com/v1beta1/projects/clone-4d3a2/sites 200
[debug] [2021-05-31T04:02:21.869Z] <<< [apiv2][body] GET https://firebasehosting.googleapis.com/v1beta1/projects/clone-4d3a2/sites {"sites":[{"name":"projects/129576153225/sites/clone-4d3a2","defaultUrl":"https://clone-4d3a2.web.app","appId":"1:129576153225:web:2de120e2f747995fbad658","type":"DEFAULT_SITE"}]}
[debug] [2021-05-31T04:02:21.869Z] >>> [apiv2][query] GET https://firebase.googleapis.com/v1beta1/projects/clone-4d3a2/webApps/1:129576153225:web:2de120e2f747995fbad658/config [none]
[debug] [2021-05-31T04:02:23.748Z] <<< [apiv2][status] GET https://firebase.googleapis.com/v1beta1/projects/clone-4d3a2/webApps/1:129576153225:web:2de120e2f747995fbad658/config 200
[debug] [2021-05-31T04:02:23.749Z] <<< [apiv2][body] GET https://firebase.googleapis.com/v1beta1/projects/clone-4d3a2/webApps/1:129576153225:web:2de120e2f747995fbad658/config {"projectId":"clone-4d3a2","appId":"1:129576153225:web:2de120e2f747995fbad658","databaseURL":"https://clone-4d3a2-default-rtdb.firebaseio.com","storageBucket":"clone-4d3a2.appspot.com","locationId":"asia-southeast2","apiKey":"AIzaSyA3YDHKUIowvcv82gcn-O_kd-5YPuJ8BO8","authDomain":"clone-4d3a2.firebaseapp.com","messagingSenderId":"129576153225","measurementId":"G-96TVHXVRD3"}
[info] i  hosting: Serving hosting files from: build {"metadata":{"emulator":{"name":"hosting"},"message":"Serving hosting files from: \u001b[1mbuild\u001b[22m"}}
[info] +  hosting: Local server: http://localhost:5000 {"metadata":{"emulator":{"name":"hosting"},"message":"Local server: \u001b[4m\u001b[1mhttp://localhost:5000\u001b[22m\u001b[24m"}}
[debug] [2021-05-31T04:02:23.969Z] Ignoring unsupported arg: auto_download {"metadata":{"emulator":{"name":"ui"},"message":"Ignoring unsupported arg: auto_download"}}
[debug] [2021-05-31T04:02:23.969Z] Ignoring unsupported arg: port {"metadata":{"emulator":{"name":"ui"},"message":"Ignoring unsupported arg: port"}}
[debug] [2021-05-31T04:02:23.970Z] Starting Emulator UI with command {"binary":"node","args":["C:\\Users\\Zebronics\\.cache\\firebase\\emulators\\ui-v1.5.0\\server.bundle.js"],"optionalArgs":[],"joinArgs":false} {"metadata":{"emulator":{"name":"ui"},"message":"Starting Emulator UI with command {\"binary\":\"node\",\"args\":[\"C:\\\\Users\\\\Zebronics\\\\.cache\\\\firebase\\\\emulators\\\\ui-v1.5.0\\\\server.bundle.js\"],\"optionalArgs\":[],\"joinArgs\":false}"}}
[info] i  ui: Emulator UI logging to ui-debug.log {"metadata":{"emulator":{"name":"ui"},"message":"Emulator UI logging to \u001b[1mui-debug.log\u001b[22m"}}
[debug] [2021-05-31T04:02:24.223Z] Web / API server started at http://localhost:4000
 {"metadata":{"emulator":{"name":"ui"},"message":"Web / API server started at http://localhost:4000\n"}}
[info] i  functions: Watching "E:\amazonclone\amazon-clone\functions" for Cloud Functions... {"metadata":{"emulator":{"name":"functions"},"message":"Watching \"E:\\amazonclone\\amazon-clone\\functions\" for Cloud Functions..."}}
[debug] [2021-05-31T04:02:24.258Z] [worker-pool] addWorker(~diagnostic~) {"metadata":{"emulator":{"name":"functions"},"message":"[worker-pool] addWorker(~diagnostic~)"}}
[debug] [2021-05-31T04:02:24.258Z] [worker-pool] Adding worker with key ~diagnostic~, total=1 {"metadata":{"emulator":{"name":"functions"},"message":"[worker-pool] Adding worker with key ~diagnostic~, total=1"}}
[debug] [2021-05-31T04:02:24.258Z] [worker-pool] submitWork(triggerId=) {"metadata":{"emulator":{"name":"functions"},"message":"[worker-pool] submitWork(triggerId=)"}}
[debug] [2021-05-31T04:02:24.259Z] [worker-~diagnostic~-3b415a0b-825e-41c7-b912-f12a5c23a564]: Assigning socketPath: \\?\pipe\E:\amazonclone\amazon-clone\functions\13416 {"metadata":{"emulator":{"name":"functions"},"message":"[worker-~diagnostic~-3b415a0b-825e-41c7-b912-f12a5c23a564]: Assigning socketPath: \\\\?\\pipe\\E:\\amazonclone\\amazon-clone\\functions\\13416"}}
[debug] [2021-05-31T04:02:24.259Z] [worker-~diagnostic~-3b415a0b-825e-41c7-b912-f12a5c23a564]: BUSY {"metadata":{"emulator":{"name":"functions"},"message":"[worker-~diagnostic~-3b415a0b-825e-41c7-b912-f12a5c23a564]: BUSY"}}
[debug] [2021-05-31T04:02:24.459Z] [runtime-status] [13416] Functions runtime initialized. {"cwd":"E:\\amazonclone\\amazon-clone\\functions","node_version":"14.17.0"} {"metadata":{"emulator":{"name":"functions"},"message":"[runtime-status] [13416] Functions runtime initialized. {\"cwd\":\"E:\\\\amazonclone\\\\amazon-clone\\\\functions\",\"node_version\":\"14.17.0\"}"}}
[debug] [2021-05-31T04:02:24.459Z] [runtime-status] [13416] Disabled runtime features: undefined {"metadata":{"emulator":{"name":"functions"},"message":"[runtime-status] [13416] Disabled runtime features: undefined"}}
[debug] [2021-05-31T04:02:24.503Z] [runtime-status] [13416] Resolved module firebase-admin {"declared":true,"installed":true,"version":"9.9.0","resolution":"E:\\amazonclone\\amazon-clone\\functions\\node_modules\\firebase-admin\\lib\\index.js"} {"metadata":{"emulator":{"name":"functions"},"message":"[runtime-status] [13416] Resolved module firebase-admin {\"declared\":true,\"installed\":true,\"version\":\"9.9.0\",\"resolution\":\"E:\\\\amazonclone\\\\amazon-clone\\\\functions\\\\node_modules\\\\firebase-admin\\\\lib\\\\index.js\"}"}}
[debug] [2021-05-31T04:02:24.526Z] [runtime-status] [13416] Resolved module firebase-functions {"declared":true,"installed":true,"version":"3.14.1","resolution":"E:\\amazonclone\\amazon-clone\\functions\\node_modules\\firebase-functions\\lib\\index.js"} {"metadata":{"emulator":{"name":"functions"},"message":"[runtime-status] [13416] Resolved module firebase-functions {\"declared\":true,\"installed\":true,\"version\":\"3.14.1\",\"resolution\":\"E:\\\\amazonclone\\\\amazon-clone\\\\functions\\\\node_modules\\\\firebase-functions\\\\lib\\\\index.js\"}"}}
[debug] [2021-05-31T04:02:24.528Z] [runtime-status] [13416] Resolved module firebase-functions {"declared":true,"installed":true,"version":"3.14.1","resolution":"E:\\amazonclone\\amazon-clone\\functions\\node_modules\\firebase-functions\\lib\\index.js"} {"metadata":{"emulator":{"name":"functions"},"message":"[runtime-status] [13416] Resolved module firebase-functions {\"declared\":true,\"installed\":true,\"version\":\"3.14.1\",\"resolution\":\"E:\\\\amazonclone\\\\amazon-clone\\\\functions\\\\node_modules\\\\firebase-functions\\\\lib\\\\index.js\"}"}}
[debug] [2021-05-31T04:02:24.529Z] [runtime-status] [13416] Outgoing network have been stubbed. [{"name":"http","status":"mocked"},{"name":"http","status":"mocked"},{"name":"https","status":"mocked"},{"name":"https","status":"mocked"},{"name":"net","status":"mocked"}] {"metadata":{"emulator":{"name":"functions"},"message":"[runtime-status] [13416] Outgoing network have been stubbed. [{\"name\":\"http\",\"status\":\"mocked\"},{\"name\":\"http\",\"status\":\"mocked\"},{\"name\":\"https\",\"status\":\"mocked\"},{\"name\":\"https\",\"status\":\"mocked\"},{\"name\":\"net\",\"status\":\"mocked\"}]"}}
[debug] [2021-05-31T04:02:24.530Z] [runtime-status] [13416] Resolved module firebase-functions {"declared":true,"installed":true,"version":"3.14.1","resolution":"E:\\amazonclone\\amazon-clone\\functions\\node_modules\\firebase-functions\\lib\\index.js"} {"metadata":{"emulator":{"name":"functions"},"message":"[runtime-status] [13416] Resolved module firebase-functions {\"declared\":true,\"installed\":true,\"version\":\"3.14.1\",\"resolution\":\"E:\\\\amazonclone\\\\amazon-clone\\\\functions\\\\node_modules\\\\firebase-functions\\\\lib\\\\index.js\"}"}}
[debug] [2021-05-31T04:02:25.545Z] [runtime-status] [13416] Checked functions.config() {"config":{}} {"metadata":{"emulator":{"name":"functions"},"message":"[runtime-status] [13416] Checked functions.config() {\"config\":{}}"}}
[debug] [2021-05-31T04:02:25.546Z] [runtime-status] [13416] firebase-functions has been stubbed. {"functionsResolution":{"declared":true,"installed":true,"version":"3.14.1","resolution":"E:\\amazonclone\\amazon-clone\\functions\\node_modules\\firebase-functions\\lib\\index.js"}} {"metadata":{"emulator":{"name":"functions"},"message":"[runtime-status] [13416] firebase-functions has been stubbed. {\"functionsResolution\":{\"declared\":true,\"installed\":true,\"version\":\"3.14.1\",\"resolution\":\"E:\\\\amazonclone\\\\amazon-clone\\\\functions\\\\node_modules\\\\firebase-functions\\\\lib\\\\index.js\"}}"}}
[debug] [2021-05-31T04:02:25.547Z] [runtime-status] [13416] Resolved module firebase-functions {"declared":true,"installed":true,"version":"3.14.1","resolution":"E:\\amazonclone\\amazon-clone\\functions\\node_modules\\firebase-functions\\lib\\index.js"} {"metadata":{"emulator":{"name":"functions"},"message":"[runtime-status] [13416] Resolved module firebase-functions {\"declared\":true,\"installed\":true,\"version\":\"3.14.1\",\"resolution\":\"E:\\\\amazonclone\\\\amazon-clone\\\\functions\\\\node_modules\\\\firebase-functions\\\\lib\\\\index.js\"}"}}
[debug] [2021-05-31T04:02:25.550Z] [runtime-status] [13416] Resolved module firebase-admin {"declared":true,"installed":true,"version":"9.9.0","resolution":"E:\\amazonclone\\amazon-clone\\functions\\node_modules\\firebase-admin\\lib\\index.js"} {"metadata":{"emulator":{"name":"functions"},"message":"[runtime-status] [13416] Resolved module firebase-admin {\"declared\":true,\"installed\":true,\"version\":\"9.9.0\",\"resolution\":\"E:\\\\amazonclone\\\\amazon-clone\\\\functions\\\\node_modules\\\\firebase-admin\\\\lib\\\\index.js\"}"}}
[debug] [2021-05-31T04:02:25.551Z] [runtime-status] [13416] Resolved module firebase-functions {"declared":true,"installed":true,"version":"3.14.1","resolution":"E:\\amazonclone\\amazon-clone\\functions\\node_modules\\firebase-functions\\lib\\index.js"} {"metadata":{"emulator":{"name":"functions"},"message":"[runtime-status] [13416] Resolved module firebase-functions {\"declared\":true,\"installed\":true,\"version\":\"3.14.1\",\"resolution\":\"E:\\\\amazonclone\\\\amazon-clone\\\\functions\\\\node_modules\\\\firebase-functions\\\\lib\\\\index.js\"}"}}
[debug] [2021-05-31T04:02:25.551Z] [runtime-status] [13416] firebase-admin has been stubbed. {"adminResolution":{"declared":true,"installed":true,"version":"9.9.0","resolution":"E:\\amazonclone\\amazon-clone\\functions\\node_modules\\firebase-admin\\lib\\index.js"}} {"metadata":{"emulator":{"name":"functions"},"message":"[runtime-status] [13416] firebase-admin has been stubbed. {\"adminResolution\":{\"declared\":true,\"installed\":true,\"version\":\"9.9.0\",\"resolution\":\"E:\\\\amazonclone\\\\amazon-clone\\\\functions\\\\node_modules\\\\firebase-admin\\\\lib\\\\index.js\"}}"}}
[info] +  functions[us-central1-api]: http function initialized (http://localhost:5001/clone-4d3a2/us-central1/api). {"metadata":{"emulator":{"name":"functions"},"message":"\u001b[1mhttp\u001b[22m function initialized (http://localhost:5001/clone-4d3a2/us-central1/api)."}}
[info] 
┌─────────────────────────────────────────────────────────────┐
│ ✔  All emulators ready! It is now safe to connect your app. │
│ i  View Emulator UI at http://localhost:4000                │
└─────────────────────────────────────────────────────────────┘

┌───────────┬────────────────┬─────────────────────────────────┐
│ Emulator  │ Host:Port      │ View in Emulator UI             │
├───────────┼────────────────┼─────────────────────────────────┤
│ Functions │ localhost:5001 │ http://localhost:4000/functions │
├───────────┼────────────────┼─────────────────────────────────┤
│ Hosting   │ localhost:5000 │ n/a                             │
└───────────┴────────────────┴─────────────────────────────────┘
  Emulator Hub running at localhost:4400
  Other reserved ports: 4500

Issues? Report them at https://github.com/firebase/firebase-tools/issues and attach the *-debug.log files.
 
[debug] [2021-05-31T04:02:27.281Z] [worker-~diagnostic~-3b415a0b-825e-41c7-b912-f12a5c23a564]: IDLE {"metadata":{"emulator":{"name":"functions"},"message":"[worker-~diagnostic~-3b415a0b-825e-41c7-b912-f12a5c23a564]: IDLE"}}
[debug] [2021-05-31T04:02:50.502Z] [work-queue] {"queueLength":1,"workRunningCount":0}
[debug] [2021-05-31T04:02:50.502Z] [work-queue] {"queueLength":0,"workRunningCount":1}
[debug] [2021-05-31T04:02:50.502Z] Accepted request GET /clone-4d3a2/us-central1/api --> us-central1-api
[debug] [2021-05-31T04:02:50.507Z] [worker-pool] addWorker(us-central1-api) {"metadata":{"emulator":{"name":"functions"},"message":"[worker-pool] addWorker(us-central1-api)"}}
[debug] [2021-05-31T04:02:50.507Z] [worker-pool] Adding worker with key us-central1-api, total=1 {"metadata":{"emulator":{"name":"functions"},"message":"[worker-pool] Adding worker with key us-central1-api, total=1"}}
[debug] [2021-05-31T04:02:50.507Z] [worker-pool] submitWork(triggerId=us-central1-api) {"metadata":{"emulator":{"name":"functions"},"message":"[worker-pool] submitWork(triggerId=us-central1-api)"}}
[debug] [2021-05-31T04:02:50.508Z] [worker-us-central1-api-03b7a260-a112-43c2-bf86-4763cd77335b]: Assigning socketPath: \\?\pipe\E:\amazonclone\amazon-clone\functions\2264 {"metadata":{"emulator":{"name":"functions"},"message":"[worker-us-central1-api-03b7a260-a112-43c2-bf86-4763cd77335b]: Assigning socketPath: \\\\?\\pipe\\E:\\amazonclone\\amazon-clone\\functions\\2264"}}
[debug] [2021-05-31T04:02:50.508Z] [worker-us-central1-api-03b7a260-a112-43c2-bf86-4763cd77335b]: BUSY {"metadata":{"emulator":{"name":"functions"},"message":"[worker-us-central1-api-03b7a260-a112-43c2-bf86-4763cd77335b]: BUSY"}}
[debug] [2021-05-31T04:02:50.759Z] [runtime-status] [2264] Functions runtime initialized. {"cwd":"E:\\amazonclone\\amazon-clone\\functions","node_version":"14.17.0"} {"metadata":{"emulator":{"name":"functions"},"function":{"name":"us-central1-api"},"message":"[runtime-status] [2264] Functions runtime initialized. {\"cwd\":\"E:\\\\amazonclone\\\\amazon-clone\\\\functions\",\"node_version\":\"14.17.0\"}"}}
[debug] [2021-05-31T04:02:50.760Z] [runtime-status] [2264] Disabled runtime features: undefined {"metadata":{"emulator":{"name":"functions"},"function":{"name":"us-central1-api"},"message":"[runtime-status] [2264] Disabled runtime features: undefined"}}
[debug] [2021-05-31T04:02:50.762Z] [runtime-status] [2264] Resolved module firebase-admin {"declared":true,"installed":true,"version":"9.9.0","resolution":"E:\\amazonclone\\amazon-clone\\functions\\node_modules\\firebase-admin\\lib\\index.js"} {"metadata":{"emulator":{"name":"functions"},"function":{"name":"us-central1-api"},"message":"[runtime-status] [2264] Resolved module firebase-admin {\"declared\":true,\"installed\":true,\"version\":\"9.9.0\",\"resolution\":\"E:\\\\amazonclone\\\\amazon-clone\\\\functions\\\\node_modules\\\\firebase-admin\\\\lib\\\\index.js\"}"}}
[debug] [2021-05-31T04:02:50.764Z] [runtime-status] [2264] Resolved module firebase-functions {"declared":true,"installed":true,"version":"3.14.1","resolution":"E:\\amazonclone\\amazon-clone\\functions\\node_modules\\firebase-functions\\lib\\index.js"} {"metadata":{"emulator":{"name":"functions"},"function":{"name":"us-central1-api"},"message":"[runtime-status] [2264] Resolved module firebase-functions {\"declared\":true,\"installed\":true,\"version\":\"3.14.1\",\"resolution\":\"E:\\\\amazonclone\\\\amazon-clone\\\\functions\\\\node_modules\\\\firebase-functions\\\\lib\\\\index.js\"}"}}
[debug] [2021-05-31T04:02:50.765Z] [runtime-status] [2264] Resolved module firebase-functions {"declared":true,"installed":true,"version":"3.14.1","resolution":"E:\\amazonclone\\amazon-clone\\functions\\node_modules\\firebase-functions\\lib\\index.js"} {"metadata":{"emulator":{"name":"functions"},"function":{"name":"us-central1-api"},"message":"[runtime-status] [2264] Resolved module firebase-functions {\"declared\":true,\"installed\":true,\"version\":\"3.14.1\",\"resolution\":\"E:\\\\amazonclone\\\\amazon-clone\\\\functions\\\\node_modules\\\\firebase-functions\\\\lib\\\\index.js\"}"}}
[debug] [2021-05-31T04:02:50.767Z] [runtime-status] [2264] Outgoing network have been stubbed. [{"name":"http","status":"mocked"},{"name":"http","status":"mocked"},{"name":"https","status":"mocked"},{"name":"https","status":"mocked"},{"name":"net","status":"mocked"}] {"metadata":{"emulator":{"name":"functions"},"function":{"name":"us-central1-api"},"message":"[runtime-status] [2264] Outgoing network have been stubbed. [{\"name\":\"http\",\"status\":\"mocked\"},{\"name\":\"http\",\"status\":\"mocked\"},{\"name\":\"https\",\"status\":\"mocked\"},{\"name\":\"https\",\"status\":\"mocked\"},{\"name\":\"net\",\"status\":\"mocked\"}]"}}
[debug] [2021-05-31T04:02:50.767Z] [runtime-status] [2264] Resolved module firebase-functions {"declared":true,"installed":true,"version":"3.14.1","resolution":"E:\\amazonclone\\amazon-clone\\functions\\node_modules\\firebase-functions\\lib\\index.js"} {"metadata":{"emulator":{"name":"functions"},"function":{"name":"us-central1-api"},"message":"[runtime-status] [2264] Resolved module firebase-functions {\"declared\":true,\"installed\":true,\"version\":\"3.14.1\",\"resolution\":\"E:\\\\amazonclone\\\\amazon-clone\\\\functions\\\\node_modules\\\\firebase-functions\\\\lib\\\\index.js\"}"}}
[debug] [2021-05-31T04:02:50.805Z] [runtime-status] [2264] Checked functions.config() {"config":{}} {"metadata":{"emulator":{"name":"functions"},"function":{"name":"us-central1-api"},"message":"[runtime-status] [2264] Checked functions.config() {\"config\":{}}"}}
[debug] [2021-05-31T04:02:50.806Z] [runtime-status] [2264] firebase-functions has been stubbed. {"functionsResolution":{"declared":true,"installed":true,"version":"3.14.1","resolution":"E:\\amazonclone\\amazon-clone\\functions\\node_modules\\firebase-functions\\lib\\index.js"}} {"metadata":{"emulator":{"name":"functions"},"function":{"name":"us-central1-api"},"message":"[runtime-status] [2264] firebase-functions has been stubbed. {\"functionsResolution\":{\"declared\":true,\"installed\":true,\"version\":\"3.14.1\",\"resolution\":\"E:\\\\amazonclone\\\\amazon-clone\\\\functions\\\\node_modules\\\\firebase-functions\\\\lib\\\\index.js\"}}"}}
[debug] [2021-05-31T04:02:50.806Z] [runtime-status] [2264] Resolved module firebase-functions {"declared":true,"installed":true,"version":"3.14.1","resolution":"E:\\amazonclone\\amazon-clone\\functions\\node_modules\\firebase-functions\\lib\\index.js"} {"metadata":{"emulator":{"name":"functions"},"function":{"name":"us-central1-api"},"message":"[runtime-status] [2264] Resolved module firebase-functions {\"declared\":true,\"installed\":true,\"version\":\"3.14.1\",\"resolution\":\"E:\\\\amazonclone\\\\amazon-clone\\\\functions\\\\node_modules\\\\firebase-functions\\\\lib\\\\index.js\"}"}}
[debug] [2021-05-31T04:02:50.807Z] [runtime-status] [2264] Resolved module firebase-admin {"declared":true,"installed":true,"version":"9.9.0","resolution":"E:\\amazonclone\\amazon-clone\\functions\\node_modules\\firebase-admin\\lib\\index.js"} {"metadata":{"emulator":{"name":"functions"},"function":{"name":"us-central1-api"},"message":"[runtime-status] [2264] Resolved module firebase-admin {\"declared\":true,\"installed\":true,\"version\":\"9.9.0\",\"resolution\":\"E:\\\\amazonclone\\\\amazon-clone\\\\functions\\\\node_modules\\\\firebase-admin\\\\lib\\\\index.js\"}"}}
[debug] [2021-05-31T04:02:50.807Z] [runtime-status] [2264] Resolved module firebase-functions {"declared":true,"installed":true,"version":"3.14.1","resolution":"E:\\amazonclone\\amazon-clone\\functions\\node_modules\\firebase-functions\\lib\\index.js"} {"metadata":{"emulator":{"name":"functions"},"function":{"name":"us-central1-api"},"message":"[runtime-status] [2264] Resolved module firebase-functions {\"declared\":true,\"installed\":true,\"version\":\"3.14.1\",\"resolution\":\"E:\\\\amazonclone\\\\amazon-clone\\\\functions\\\\node_modules\\\\firebase-functions\\\\lib\\\\index.js\"}"}}
[debug] [2021-05-31T04:02:50.808Z] [runtime-status] [2264] firebase-admin has been stubbed. {"adminResolution":{"declared":true,"installed":true,"version":"9.9.0","resolution":"E:\\amazonclone\\amazon-clone\\functions\\node_modules\\firebase-admin\\lib\\index.js"}} {"metadata":{"emulator":{"name":"functions"},"function":{"name":"us-central1-api"},"message":"[runtime-status] [2264] firebase-admin has been stubbed. {\"adminResolution\":{\"declared\":true,\"installed\":true,\"version\":\"9.9.0\",\"resolution\":\"E:\\\\amazonclone\\\\amazon-clone\\\\functions\\\\node_modules\\\\firebase-admin\\\\lib\\\\index.js\"}}"}}
[debug] [2021-05-31T04:02:50.938Z] [runtime-status] [2264] Trigger "us-central1-api" has been found, beginning invocation! {"metadata":{"emulator":{"name":"functions"},"function":{"name":"us-central1-api"},"message":"[runtime-status] [2264] Trigger \"us-central1-api\" has been found, beginning invocation!"}}
[info] i  functions: Beginning execution of "us-central1-api" {"metadata":{"emulator":{"name":"functions"},"function":{"name":"us-central1-api"},"message":"Beginning execution of \"us-central1-api\""}}
[debug] [2021-05-31T04:02:50.939Z] [runtime-status] [2264] triggerDefinition {"httpsTrigger":{},"name":"api","entryPoint":"api","regions":["us-central1"],"region":"us-central1","id":"us-central1-api"} {"metadata":{"emulator":{"name":"functions"},"function":{"name":"us-central1-api"},"message":"[runtime-status] [2264] triggerDefinition {\"httpsTrigger\":{},\"name\":\"api\",\"entryPoint\":\"api\",\"regions\":[\"us-central1\"],\"region\":\"us-central1\",\"id\":\"us-central1-api\"}"}}
[debug] [2021-05-31T04:02:50.940Z] [runtime-status] [2264] Running us-central1-api in mode HTTPS {"metadata":{"emulator":{"name":"functions"},"function":{"name":"us-central1-api"},"message":"[runtime-status] [2264] Running us-central1-api in mode HTTPS"}}
[debug] [2021-05-31T04:02:50.942Z] [runtime-status] [2264] Attempting to listen to socketPath: \\?\pipe\E:\amazonclone\amazon-clone\functions\2264 {"metadata":{"emulator":{"name":"functions"},"function":{"name":"us-central1-api"},"message":"[runtime-status] [2264] Attempting to listen to socketPath: \\\\?\\pipe\\E:\\amazonclone\\amazon-clone\\functions\\2264"}}
[debug] [2021-05-31T04:02:50.953Z] [functions] Runtime ready! Sending request! {"metadata":{"emulator":{"name":"functions"},"message":"[functions] Runtime ready! Sending request!"}}
[debug] [2021-05-31T04:02:50.954Z] [functions] Got req.url=/clone-4d3a2/us-central1/api, mapping to path=/ {"metadata":{"emulator":{"name":"functions"},"message":"[functions] Got req.url=/clone-4d3a2/us-central1/api, mapping to path=/"}}
[debug] [2021-05-31T04:02:50.962Z] [runtime-status] [2264] Ephemeral server handling GET request {"metadata":{"emulator":{"name":"functions"},"function":{"name":"us-central1-api"},"message":"[runtime-status] [2264] Ephemeral server handling GET request"}}
[debug] [2021-05-31T04:02:50.970Z] [runtime-status] [2264] Ephemeral server survived. {"metadata":{"emulator":{"name":"functions"},"function":{"name":"us-central1-api"},"message":"[runtime-status] [2264] Ephemeral server survived."}}
[info] i  functions: Finished "us-central1-api" in ~1s {"metadata":{"emulator":{"name":"functions"},"function":{"name":"us-central1-api"},"message":"Finished \"us-central1-api\" in ~1s"}}
[debug] [2021-05-31T04:02:50.974Z] [worker-us-central1-api-03b7a260-a112-43c2-bf86-4763cd77335b]: IDLE {"metadata":{"emulator":{"name":"functions"},"message":"[worker-us-central1-api-03b7a260-a112-43c2-bf86-4763cd77335b]: IDLE"}}
[debug] [2021-05-31T04:02:50.974Z] [work-queue] {"queueLength":0,"workRunningCount":0}
[debug] [2021-05-31T04:08:31.519Z] File E:\amazonclone\amazon-clone\functions\index.js changed, reloading triggers {"metadata":{"emulator":{"name":"functions"},"message":"File E:\\amazonclone\\amazon-clone\\functions\\index.js changed, reloading triggers"}}
[debug] [2021-05-31T04:08:32.519Z] [worker-pool] Shutting down IDLE worker (~diagnostic~) {"metadata":{"emulator":{"name":"functions"},"message":"[worker-pool] Shutting down IDLE worker (~diagnostic~)"}}
[debug] [2021-05-31T04:08:32.520Z] [worker-~diagnostic~-3b415a0b-825e-41c7-b912-f12a5c23a564]: FINISHING {"metadata":{"emulator":{"name":"functions"},"message":"[worker-~diagnostic~-3b415a0b-825e-41c7-b912-f12a5c23a564]: FINISHING"}}
[debug] [2021-05-31T04:08:32.536Z] [worker-pool] Shutting down IDLE worker (us-central1-api) {"metadata":{"emulator":{"name":"functions"},"message":"[worker-pool] Shutting down IDLE worker (us-central1-api)"}}
[debug] [2021-05-31T04:08:32.536Z] [worker-us-central1-api-03b7a260-a112-43c2-bf86-4763cd77335b]: FINISHING {"metadata":{"emulator":{"name":"functions"},"message":"[worker-us-central1-api-03b7a260-a112-43c2-bf86-4763cd77335b]: FINISHING"}}
[debug] [2021-05-31T04:08:32.628Z] [worker-pool] addWorker(~diagnostic~) {"metadata":{"emulator":{"name":"functions"},"message":"[worker-pool] addWorker(~diagnostic~)"}}
[debug] [2021-05-31T04:08:32.628Z] [worker-pool] Adding worker with key ~diagnostic~, total=2 {"metadata":{"emulator":{"name":"functions"},"message":"[worker-pool] Adding worker with key ~diagnostic~, total=2"}}
[debug] [2021-05-31T04:08:32.628Z] [worker-pool] submitWork(triggerId=) {"metadata":{"emulator":{"name":"functions"},"message":"[worker-pool] submitWork(triggerId=)"}}
[debug] [2021-05-31T04:08:32.629Z] [worker-~diagnostic~-d4c8bbf2-d53e-451f-a61a-d19bf6e9a5c0]: Assigning socketPath: \\?\pipe\E:\amazonclone\amazon-clone\functions\5696 {"metadata":{"emulator":{"name":"functions"},"message":"[worker-~diagnostic~-d4c8bbf2-d53e-451f-a61a-d19bf6e9a5c0]: Assigning socketPath: \\\\?\\pipe\\E:\\amazonclone\\amazon-clone\\functions\\5696"}}
[debug] [2021-05-31T04:08:32.630Z] [worker-~diagnostic~-d4c8bbf2-d53e-451f-a61a-d19bf6e9a5c0]: BUSY {"metadata":{"emulator":{"name":"functions"},"message":"[worker-~diagnostic~-d4c8bbf2-d53e-451f-a61a-d19bf6e9a5c0]: BUSY"}}
[debug] [2021-05-31T04:08:32.631Z] [worker-~diagnostic~-3b415a0b-825e-41c7-b912-f12a5c23a564]: exited {"metadata":{"emulator":{"name":"functions"},"message":"[worker-~diagnostic~-3b415a0b-825e-41c7-b912-f12a5c23a564]: exited"}}
[debug] [2021-05-31T04:08:32.631Z] [worker-~diagnostic~-3b415a0b-825e-41c7-b912-f12a5c23a564]: FINISHED {"metadata":{"emulator":{"name":"functions"},"message":"[worker-~diagnostic~-3b415a0b-825e-41c7-b912-f12a5c23a564]: FINISHED"}}
[debug] [2021-05-31T04:08:32.632Z] [worker-us-central1-api-03b7a260-a112-43c2-bf86-4763cd77335b]: exited {"metadata":{"emulator":{"name":"functions"},"message":"[worker-us-central1-api-03b7a260-a112-43c2-bf86-4763cd77335b]: exited"}}
[debug] [2021-05-31T04:08:32.632Z] [worker-us-central1-api-03b7a260-a112-43c2-bf86-4763cd77335b]: FINISHED {"metadata":{"emulator":{"name":"functions"},"message":"[worker-us-central1-api-03b7a260-a112-43c2-bf86-4763cd77335b]: FINISHED"}}
[debug] [2021-05-31T04:08:37.891Z] [runtime-status] [5696] Functions runtime initialized. {"cwd":"E:\\amazonclone\\amazon-clone\\functions","node_version":"14.17.0"} {"metadata":{"emulator":{"name":"functions"},"message":"[runtime-status] [5696] Functions runtime initialized. {\"cwd\":\"E:\\\\amazonclone\\\\amazon-clone\\\\functions\",\"node_version\":\"14.17.0\"}"}}
[debug] [2021-05-31T04:08:37.894Z] [runtime-status] [5696] Disabled runtime features: undefined {"metadata":{"emulator":{"name":"functions"},"message":"[runtime-status] [5696] Disabled runtime features: undefined"}}
[debug] [2021-05-31T04:08:37.974Z] [runtime-status] [5696] Resolved module firebase-admin {"declared":true,"installed":true,"version":"9.9.0","resolution":"E:\\amazonclone\\amazon-clone\\functions\\node_modules\\firebase-admin\\lib\\index.js"} {"metadata":{"emulator":{"name":"functions"},"message":"[runtime-status] [5696] Resolved module firebase-admin {\"declared\":true,\"installed\":true,\"version\":\"9.9.0\",\"resolution\":\"E:\\\\amazonclone\\\\amazon-clone\\\\functions\\\\node_modules\\\\firebase-admin\\\\lib\\\\index.js\"}"}}
[debug] [2021-05-31T04:08:38.037Z] [runtime-status] [5696] Resolved module firebase-functions {"declared":true,"installed":true,"version":"3.14.1","resolution":"E:\\amazonclone\\amazon-clone\\functions\\node_modules\\firebase-functions\\lib\\index.js"} {"metadata":{"emulator":{"name":"functions"},"message":"[runtime-status] [5696] Resolved module firebase-functions {\"declared\":true,\"installed\":true,\"version\":\"3.14.1\",\"resolution\":\"E:\\\\amazonclone\\\\amazon-clone\\\\functions\\\\node_modules\\\\firebase-functions\\\\lib\\\\index.js\"}"}}
[debug] [2021-05-31T04:08:38.069Z] [runtime-status] [5696] Resolved module firebase-functions {"declared":true,"installed":true,"version":"3.14.1","resolution":"E:\\amazonclone\\amazon-clone\\functions\\node_modules\\firebase-functions\\lib\\index.js"} {"metadata":{"emulator":{"name":"functions"},"message":"[runtime-status] [5696] Resolved module firebase-functions {\"declared\":true,\"installed\":true,\"version\":\"3.14.1\",\"resolution\":\"E:\\\\amazonclone\\\\amazon-clone\\\\functions\\\\node_modules\\\\firebase-functions\\\\lib\\\\index.js\"}"}}
[debug] [2021-05-31T04:08:38.075Z] [runtime-status] [5696] Outgoing network have been stubbed. [{"name":"http","status":"mocked"},{"name":"http","status":"mocked"},{"name":"https","status":"mocked"},{"name":"https","status":"mocked"},{"name":"net","status":"mocked"}] {"metadata":{"emulator":{"name":"functions"},"message":"[runtime-status] [5696] Outgoing network have been stubbed. [{\"name\":\"http\",\"status\":\"mocked\"},{\"name\":\"http\",\"status\":\"mocked\"},{\"name\":\"https\",\"status\":\"mocked\"},{\"name\":\"https\",\"status\":\"mocked\"},{\"name\":\"net\",\"status\":\"mocked\"}]"}}
[debug] [2021-05-31T04:08:38.077Z] [runtime-status] [5696] Resolved module firebase-functions {"declared":true,"installed":true,"version":"3.14.1","resolution":"E:\\amazonclone\\amazon-clone\\functions\\node_modules\\firebase-functions\\lib\\index.js"} {"metadata":{"emulator":{"name":"functions"},"message":"[runtime-status] [5696] Resolved module firebase-functions {\"declared\":true,\"installed\":true,\"version\":\"3.14.1\",\"resolution\":\"E:\\\\amazonclone\\\\amazon-clone\\\\functions\\\\node_modules\\\\firebase-functions\\\\lib\\\\index.js\"}"}}
[debug] [2021-05-31T04:08:39.716Z] [runtime-status] [5696] Checked functions.config() {"config":{}} {"metadata":{"emulator":{"name":"functions"},"message":"[runtime-status] [5696] Checked functions.config() {\"config\":{}}"}}
[debug] [2021-05-31T04:08:39.717Z] [runtime-status] [5696] firebase-functions has been stubbed. {"functionsResolution":{"declared":true,"installed":true,"version":"3.14.1","resolution":"E:\\amazonclone\\amazon-clone\\functions\\node_modules\\firebase-functions\\lib\\index.js"}} {"metadata":{"emulator":{"name":"functions"},"message":"[runtime-status] [5696] firebase-functions has been stubbed. {\"functionsResolution\":{\"declared\":true,\"installed\":true,\"version\":\"3.14.1\",\"resolution\":\"E:\\\\amazonclone\\\\amazon-clone\\\\functions\\\\node_modules\\\\firebase-functions\\\\lib\\\\index.js\"}}"}}
[debug] [2021-05-31T04:08:39.717Z] [runtime-status] [5696] Resolved module firebase-functions {"declared":true,"installed":true,"version":"3.14.1","resolution":"E:\\amazonclone\\amazon-clone\\functions\\node_modules\\firebase-functions\\lib\\index.js"} {"metadata":{"emulator":{"name":"functions"},"message":"[runtime-status] [5696] Resolved module firebase-functions {\"declared\":true,\"installed\":true,\"version\":\"3.14.1\",\"resolution\":\"E:\\\\amazonclone\\\\amazon-clone\\\\functions\\\\node_modules\\\\firebase-functions\\\\lib\\\\index.js\"}"}}
[debug] [2021-05-31T04:08:39.720Z] [runtime-status] [5696] Resolved module firebase-admin {"declared":true,"installed":true,"version":"9.9.0","resolution":"E:\\amazonclone\\amazon-clone\\functions\\node_modules\\firebase-admin\\lib\\index.js"} {"metadata":{"emulator":{"name":"functions"},"message":"[runtime-status] [5696] Resolved module firebase-admin {\"declared\":true,\"installed\":true,\"version\":\"9.9.0\",\"resolution\":\"E:\\\\amazonclone\\\\amazon-clone\\\\functions\\\\node_modules\\\\firebase-admin\\\\lib\\\\index.js\"}"}}
[debug] [2021-05-31T04:08:39.720Z] [runtime-status] [5696] Resolved module firebase-functions {"declared":true,"installed":true,"version":"3.14.1","resolution":"E:\\amazonclone\\amazon-clone\\functions\\node_modules\\firebase-functions\\lib\\index.js"} {"metadata":{"emulator":{"name":"functions"},"message":"[runtime-status] [5696] Resolved module firebase-functions {\"declared\":true,\"installed\":true,\"version\":\"3.14.1\",\"resolution\":\"E:\\\\amazonclone\\\\amazon-clone\\\\functions\\\\node_modules\\\\firebase-functions\\\\lib\\\\index.js\"}"}}
[debug] [2021-05-31T04:08:39.720Z] [runtime-status] [5696] firebase-admin has been stubbed. {"adminResolution":{"declared":true,"installed":true,"version":"9.9.0","resolution":"E:\\amazonclone\\amazon-clone\\functions\\node_modules\\firebase-admin\\lib\\index.js"}} {"metadata":{"emulator":{"name":"functions"},"message":"[runtime-status] [5696] firebase-admin has been stubbed. {\"adminResolution\":{\"declared\":true,\"installed\":true,\"version\":\"9.9.0\",\"resolution\":\"E:\\\\amazonclone\\\\amazon-clone\\\\functions\\\\node_modules\\\\firebase-admin\\\\lib\\\\index.js\"}}"}}
[debug] [2021-05-31T04:08:43.236Z] [worker-~diagnostic~-d4c8bbf2-d53e-451f-a61a-d19bf6e9a5c0]: IDLE {"metadata":{"emulator":{"name":"functions"},"message":"[worker-~diagnostic~-d4c8bbf2-d53e-451f-a61a-d19bf6e9a5c0]: IDLE"}}
[debug] [2021-05-31T04:10:04.998Z] [work-queue] {"queueLength":1,"workRunningCount":0}
[debug] [2021-05-31T04:10:04.998Z] [work-queue] {"queueLength":0,"workRunningCount":1}
[debug] [2021-05-31T04:10:04.998Z] Accepted request GET /clone-4d3a2/us-central1/api --> us-central1-api
[debug] [2021-05-31T04:10:04.998Z] [worker-pool] Cleaned up workers for ~diagnostic~: 2 --> 1 {"metadata":{"emulator":{"name":"functions"},"message":"[worker-pool] Cleaned up workers for ~diagnostic~: 2 --> 1"}}
[debug] [2021-05-31T04:10:04.999Z] [worker-pool] Cleaned up workers for us-central1-api: 1 --> 0 {"metadata":{"emulator":{"name":"functions"},"message":"[worker-pool] Cleaned up workers for us-central1-api: 1 --> 0"}}
[debug] [2021-05-31T04:10:05.004Z] [worker-pool] addWorker(us-central1-api) {"metadata":{"emulator":{"name":"functions"},"message":"[worker-pool] addWorker(us-central1-api)"}}
[debug] [2021-05-31T04:10:05.005Z] [worker-pool] Adding worker with key us-central1-api, total=1 {"metadata":{"emulator":{"name":"functions"},"message":"[worker-pool] Adding worker with key us-central1-api, total=1"}}
[debug] [2021-05-31T04:10:05.005Z] [worker-pool] submitWork(triggerId=us-central1-api) {"metadata":{"emulator":{"name":"functions"},"message":"[worker-pool] submitWork(triggerId=us-central1-api)"}}
[debug] [2021-05-31T04:10:05.005Z] [worker-us-central1-api-6f41b7da-8505-49c4-83a4-1b6962163557]: Assigning socketPath: \\?\pipe\E:\amazonclone\amazon-clone\functions\7188 {"metadata":{"emulator":{"name":"functions"},"message":"[worker-us-central1-api-6f41b7da-8505-49c4-83a4-1b6962163557]: Assigning socketPath: \\\\?\\pipe\\E:\\amazonclone\\amazon-clone\\functions\\7188"}}
[debug] [2021-05-31T04:10:05.005Z] [worker-us-central1-api-6f41b7da-8505-49c4-83a4-1b6962163557]: BUSY {"metadata":{"emulator":{"name":"functions"},"message":"[worker-us-central1-api-6f41b7da-8505-49c4-83a4-1b6962163557]: BUSY"}}
[debug] [2021-05-31T04:10:05.268Z] [runtime-status] [7188] Functions runtime initialized. {"cwd":"E:\\amazonclone\\amazon-clone\\functions","node_version":"14.17.0"} {"metadata":{"emulator":{"name":"functions"},"function":{"name":"us-central1-api"},"message":"[runtime-status] [7188] Functions runtime initialized. {\"cwd\":\"E:\\\\amazonclone\\\\amazon-clone\\\\functions\",\"node_version\":\"14.17.0\"}"}}
[debug] [2021-05-31T04:10:05.269Z] [runtime-status] [7188] Disabled runtime features: undefined {"metadata":{"emulator":{"name":"functions"},"function":{"name":"us-central1-api"},"message":"[runtime-status] [7188] Disabled runtime features: undefined"}}
[debug] [2021-05-31T04:10:05.273Z] [runtime-status] [7188] Resolved module firebase-admin {"declared":true,"installed":true,"version":"9.9.0","resolution":"E:\\amazonclone\\amazon-clone\\functions\\node_modules\\firebase-admin\\lib\\index.js"} {"metadata":{"emulator":{"name":"functions"},"function":{"name":"us-central1-api"},"message":"[runtime-status] [7188] Resolved module firebase-admin {\"declared\":true,\"installed\":true,\"version\":\"9.9.0\",\"resolution\":\"E:\\\\amazonclone\\\\amazon-clone\\\\functions\\\\node_modules\\\\firebase-admin\\\\lib\\\\index.js\"}"}}
[debug] [2021-05-31T04:10:05.275Z] [runtime-status] [7188] Resolved module firebase-functions {"declared":true,"installed":true,"version":"3.14.1","resolution":"E:\\amazonclone\\amazon-clone\\functions\\node_modules\\firebase-functions\\lib\\index.js"} {"metadata":{"emulator":{"name":"functions"},"function":{"name":"us-central1-api"},"message":"[runtime-status] [7188] Resolved module firebase-functions {\"declared\":true,\"installed\":true,\"version\":\"3.14.1\",\"resolution\":\"E:\\\\amazonclone\\\\amazon-clone\\\\functions\\\\node_modules\\\\firebase-functions\\\\lib\\\\index.js\"}"}}
[debug] [2021-05-31T04:10:05.277Z] [runtime-status] [7188] Resolved module firebase-functions {"declared":true,"installed":true,"version":"3.14.1","resolution":"E:\\amazonclone\\amazon-clone\\functions\\node_modules\\firebase-functions\\lib\\index.js"} {"metadata":{"emulator":{"name":"functions"},"function":{"name":"us-central1-api"},"message":"[runtime-status] [7188] Resolved module firebase-functions {\"declared\":true,\"installed\":true,\"version\":\"3.14.1\",\"resolution\":\"E:\\\\amazonclone\\\\amazon-clone\\\\functions\\\\node_modules\\\\firebase-functions\\\\lib\\\\index.js\"}"}}
[debug] [2021-05-31T04:10:05.280Z] [runtime-status] [7188] Outgoing network have been stubbed. [{"name":"http","status":"mocked"},{"name":"http","status":"mocked"},{"name":"https","status":"mocked"},{"name":"https","status":"mocked"},{"name":"net","status":"mocked"}] {"metadata":{"emulator":{"name":"functions"},"function":{"name":"us-central1-api"},"message":"[runtime-status] [7188] Outgoing network have been stubbed. [{\"name\":\"http\",\"status\":\"mocked\"},{\"name\":\"http\",\"status\":\"mocked\"},{\"name\":\"https\",\"status\":\"mocked\"},{\"name\":\"https\",\"status\":\"mocked\"},{\"name\":\"net\",\"status\":\"mocked\"}]"}}
[debug] [2021-05-31T04:10:05.280Z] [runtime-status] [7188] Resolved module firebase-functions {"declared":true,"installed":true,"version":"3.14.1","resolution":"E:\\amazonclone\\amazon-clone\\functions\\node_modules\\firebase-functions\\lib\\index.js"} {"metadata":{"emulator":{"name":"functions"},"function":{"name":"us-central1-api"},"message":"[runtime-status] [7188] Resolved module firebase-functions {\"declared\":true,\"installed\":true,\"version\":\"3.14.1\",\"resolution\":\"E:\\\\amazonclone\\\\amazon-clone\\\\functions\\\\node_modules\\\\firebase-functions\\\\lib\\\\index.js\"}"}}
[debug] [2021-05-31T04:10:05.396Z] [runtime-status] [7188] Checked functions.config() {"config":{}} {"metadata":{"emulator":{"name":"functions"},"function":{"name":"us-central1-api"},"message":"[runtime-status] [7188] Checked functions.config() {\"config\":{}}"}}
[debug] [2021-05-31T04:10:05.398Z] [runtime-status] [7188] firebase-functions has been stubbed. {"functionsResolution":{"declared":true,"installed":true,"version":"3.14.1","resolution":"E:\\amazonclone\\amazon-clone\\functions\\node_modules\\firebase-functions\\lib\\index.js"}} {"metadata":{"emulator":{"name":"functions"},"function":{"name":"us-central1-api"},"message":"[runtime-status] [7188] firebase-functions has been stubbed. {\"functionsResolution\":{\"declared\":true,\"installed\":true,\"version\":\"3.14.1\",\"resolution\":\"E:\\\\amazonclone\\\\amazon-clone\\\\functions\\\\node_modules\\\\firebase-functions\\\\lib\\\\index.js\"}}"}}
[debug] [2021-05-31T04:10:05.398Z] [runtime-status] [7188] Resolved module firebase-functions {"declared":true,"installed":true,"version":"3.14.1","resolution":"E:\\amazonclone\\amazon-clone\\functions\\node_modules\\firebase-functions\\lib\\index.js"} {"metadata":{"emulator":{"name":"functions"},"function":{"name":"us-central1-api"},"message":"[runtime-status] [7188] Resolved module firebase-functions {\"declared\":true,\"installed\":true,\"version\":\"3.14.1\",\"resolution\":\"E:\\\\amazonclone\\\\amazon-clone\\\\functions\\\\node_modules\\\\firebase-functions\\\\lib\\\\index.js\"}"}}
[debug] [2021-05-31T04:10:05.401Z] [runtime-status] [7188] Resolved module firebase-admin {"declared":true,"installed":true,"version":"9.9.0","resolution":"E:\\amazonclone\\amazon-clone\\functions\\node_modules\\firebase-admin\\lib\\index.js"} {"metadata":{"emulator":{"name":"functions"},"function":{"name":"us-central1-api"},"message":"[runtime-status] [7188] Resolved module firebase-admin {\"declared\":true,\"installed\":true,\"version\":\"9.9.0\",\"resolution\":\"E:\\\\amazonclone\\\\amazon-clone\\\\functions\\\\node_modules\\\\firebase-admin\\\\lib\\\\index.js\"}"}}
[debug] [2021-05-31T04:10:05.402Z] [runtime-status] [7188] Resolved module firebase-functions {"declared":true,"installed":true,"version":"3.14.1","resolution":"E:\\amazonclone\\amazon-clone\\functions\\node_modules\\firebase-functions\\lib\\index.js"} {"metadata":{"emulator":{"name":"functions"},"function":{"name":"us-central1-api"},"message":"[runtime-status] [7188] Resolved module firebase-functions {\"declared\":true,\"installed\":true,\"version\":\"3.14.1\",\"resolution\":\"E:\\\\amazonclone\\\\amazon-clone\\\\functions\\\\node_modules\\\\firebase-functions\\\\lib\\\\index.js\"}"}}
[debug] [2021-05-31T04:10:05.402Z] [runtime-status] [7188] firebase-admin has been stubbed. {"adminResolution":{"declared":true,"installed":true,"version":"9.9.0","resolution":"E:\\amazonclone\\amazon-clone\\functions\\node_modules\\firebase-admin\\lib\\index.js"}} {"metadata":{"emulator":{"name":"functions"},"function":{"name":"us-central1-api"},"message":"[runtime-status] [7188] firebase-admin has been stubbed. {\"adminResolution\":{\"declared\":true,\"installed\":true,\"version\":\"9.9.0\",\"resolution\":\"E:\\\\amazonclone\\\\amazon-clone\\\\functions\\\\node_modules\\\\firebase-admin\\\\lib\\\\index.js\"}}"}}
[debug] [2021-05-31T04:10:05.680Z] [runtime-status] [7188] Trigger "us-central1-api" has been found, beginning invocation! {"metadata":{"emulator":{"name":"functions"},"function":{"name":"us-central1-api"},"message":"[runtime-status] [7188] Trigger \"us-central1-api\" has been found, beginning invocation!"}}
[info] i  functions: Beginning execution of "us-central1-api" {"metadata":{"emulator":{"name":"functions"},"function":{"name":"us-central1-api"},"message":"Beginning execution of \"us-central1-api\""}}
[debug] [2021-05-31T04:10:05.681Z] [runtime-status] [7188] triggerDefinition {"httpsTrigger":{},"name":"api","entryPoint":"api","regions":["us-central1"],"region":"us-central1","id":"us-central1-api"} {"metadata":{"emulator":{"name":"functions"},"function":{"name":"us-central1-api"},"message":"[runtime-status] [7188] triggerDefinition {\"httpsTrigger\":{},\"name\":\"api\",\"entryPoint\":\"api\",\"regions\":[\"us-central1\"],\"region\":\"us-central1\",\"id\":\"us-central1-api\"}"}}
[debug] [2021-05-31T04:10:05.682Z] [runtime-status] [7188] Running us-central1-api in mode HTTPS {"metadata":{"emulator":{"name":"functions"},"function":{"name":"us-central1-api"},"message":"[runtime-status] [7188] Running us-central1-api in mode HTTPS"}}
[debug] [2021-05-31T04:10:05.685Z] [runtime-status] [7188] Attempting to listen to socketPath: \\?\pipe\E:\amazonclone\amazon-clone\functions\7188 {"metadata":{"emulator":{"name":"functions"},"function":{"name":"us-central1-api"},"message":"[runtime-status] [7188] Attempting to listen to socketPath: \\\\?\\pipe\\E:\\amazonclone\\amazon-clone\\functions\\7188"}}
[debug] [2021-05-31T04:10:05.781Z] [functions] Runtime ready! Sending request! {"metadata":{"emulator":{"name":"functions"},"message":"[functions] Runtime ready! Sending request!"}}
[debug] [2021-05-31T04:10:05.783Z] [functions] Got req.url=/clone-4d3a2/us-central1/api, mapping to path=/ {"metadata":{"emulator":{"name":"functions"},"message":"[functions] Got req.url=/clone-4d3a2/us-central1/api, mapping to path=/"}}
[debug] [2021-05-31T04:10:05.817Z] [runtime-status] [7188] Ephemeral server handling GET request {"metadata":{"emulator":{"name":"functions"},"function":{"name":"us-central1-api"},"message":"[runtime-status] [7188] Ephemeral server handling GET request"}}
[debug] [2021-05-31T04:10:05.828Z] [runtime-status] [7188] Ephemeral server survived. {"metadata":{"emulator":{"name":"functions"},"function":{"name":"us-central1-api"},"message":"[runtime-status] [7188] Ephemeral server survived."}}
[info] i  functions: Finished "us-central1-api" in ~1s {"metadata":{"emulator":{"name":"functions"},"function":{"name":"us-central1-api"},"message":"Finished \"us-central1-api\" in ~1s"}}
[debug] [2021-05-31T04:10:05.835Z] [worker-us-central1-api-6f41b7da-8505-49c4-83a4-1b6962163557]: IDLE {"metadata":{"emulator":{"name":"functions"},"message":"[worker-us-central1-api-6f41b7da-8505-49c4-83a4-1b6962163557]: IDLE"}}
[debug] [2021-05-31T04:10:05.835Z] [work-queue] {"queueLength":0,"workRunningCount":0}
[debug] [2021-05-31T04:14:24.262Z] File E:\amazonclone\amazon-clone\functions\index.js changed, reloading triggers {"metadata":{"emulator":{"name":"functions"},"message":"File E:\\amazonclone\\amazon-clone\\functions\\index.js changed, reloading triggers"}}
[debug] [2021-05-31T04:14:25.267Z] [worker-pool] Shutting down IDLE worker (~diagnostic~) {"metadata":{"emulator":{"name":"functions"},"message":"[worker-pool] Shutting down IDLE worker (~diagnostic~)"}}
[debug] [2021-05-31T04:14:25.267Z] [worker-~diagnostic~-d4c8bbf2-d53e-451f-a61a-d19bf6e9a5c0]: FINISHING {"metadata":{"emulator":{"name":"functions"},"message":"[worker-~diagnostic~-d4c8bbf2-d53e-451f-a61a-d19bf6e9a5c0]: FINISHING"}}
[debug] [2021-05-31T04:14:25.268Z] [worker-pool] Shutting down IDLE worker (us-central1-api) {"metadata":{"emulator":{"name":"functions"},"message":"[worker-pool] Shutting down IDLE worker (us-central1-api)"}}
[debug] [2021-05-31T04:14:25.269Z] [worker-us-central1-api-6f41b7da-8505-49c4-83a4-1b6962163557]: FINISHING {"metadata":{"emulator":{"name":"functions"},"message":"[worker-us-central1-api-6f41b7da-8505-49c4-83a4-1b6962163557]: FINISHING"}}
[debug] [2021-05-31T04:14:25.274Z] [worker-pool] addWorker(~diagnostic~) {"metadata":{"emulator":{"name":"functions"},"message":"[worker-pool] addWorker(~diagnostic~)"}}
[debug] [2021-05-31T04:14:25.275Z] [worker-pool] Adding worker with key ~diagnostic~, total=2 {"metadata":{"emulator":{"name":"functions"},"message":"[worker-pool] Adding worker with key ~diagnostic~, total=2"}}
[debug] [2021-05-31T04:14:25.275Z] [worker-pool] submitWork(triggerId=) {"metadata":{"emulator":{"name":"functions"},"message":"[worker-pool] submitWork(triggerId=)"}}
[debug] [2021-05-31T04:14:25.275Z] [worker-~diagnostic~-69530465-9511-4c51-97ac-581192cad962]: Assigning socketPath: \\?\pipe\E:\amazonclone\amazon-clone\functions\1880 {"metadata":{"emulator":{"name":"functions"},"message":"[worker-~diagnostic~-69530465-9511-4c51-97ac-581192cad962]: Assigning socketPath: \\\\?\\pipe\\E:\\amazonclone\\amazon-clone\\functions\\1880"}}
[debug] [2021-05-31T04:14:25.275Z] [worker-~diagnostic~-69530465-9511-4c51-97ac-581192cad962]: BUSY {"metadata":{"emulator":{"name":"functions"},"message":"[worker-~diagnostic~-69530465-9511-4c51-97ac-581192cad962]: BUSY"}}
[debug] [2021-05-31T04:14:25.275Z] [worker-~diagnostic~-d4c8bbf2-d53e-451f-a61a-d19bf6e9a5c0]: exited {"metadata":{"emulator":{"name":"functions"},"message":"[worker-~diagnostic~-d4c8bbf2-d53e-451f-a61a-d19bf6e9a5c0]: exited"}}
[debug] [2021-05-31T04:14:25.275Z] [worker-~diagnostic~-d4c8bbf2-d53e-451f-a61a-d19bf6e9a5c0]: FINISHED {"metadata":{"emulator":{"name":"functions"},"message":"[worker-~diagnostic~-d4c8bbf2-d53e-451f-a61a-d19bf6e9a5c0]: FINISHED"}}
[debug] [2021-05-31T04:14:25.276Z] [worker-us-central1-api-6f41b7da-8505-49c4-83a4-1b6962163557]: exited {"metadata":{"emulator":{"name":"functions"},"message":"[worker-us-central1-api-6f41b7da-8505-49c4-83a4-1b6962163557]: exited"}}
[debug] [2021-05-31T04:14:25.276Z] [worker-us-central1-api-6f41b7da-8505-49c4-83a4-1b6962163557]: FINISHED {"metadata":{"emulator":{"name":"functions"},"message":"[worker-us-central1-api-6f41b7da-8505-49c4-83a4-1b6962163557]: FINISHED"}}
[debug] [2021-05-31T04:14:26.808Z] File E:\amazonclone\amazon-clone\functions\index.js changed, reloading triggers {"metadata":{"emulator":{"name":"functions"},"message":"File E:\\amazonclone\\amazon-clone\\functions\\index.js changed, reloading triggers"}}
[debug] [2021-05-31T04:14:27.816Z] [worker-pool] Marking BUSY worker to finish (~diagnostic~) {"metadata":{"emulator":{"name":"functions"},"message":"[worker-pool] Marking BUSY worker to finish (~diagnostic~)"}}
[debug] [2021-05-31T04:14:27.816Z] [worker-~diagnostic~-69530465-9511-4c51-97ac-581192cad962]: FINISHING {"metadata":{"emulator":{"name":"functions"},"message":"[worker-~diagnostic~-69530465-9511-4c51-97ac-581192cad962]: FINISHING"}}
[debug] [2021-05-31T04:14:27.816Z] [worker-pool] Cleaned up workers for ~diagnostic~: 2 --> 1 {"metadata":{"emulator":{"name":"functions"},"message":"[worker-pool] Cleaned up workers for ~diagnostic~: 2 --> 1"}}
[debug] [2021-05-31T04:14:27.816Z] [worker-pool] Cleaned up workers for us-central1-api: 1 --> 0 {"metadata":{"emulator":{"name":"functions"},"message":"[worker-pool] Cleaned up workers for us-central1-api: 1 --> 0"}}
[debug] [2021-05-31T04:14:27.820Z] [worker-pool] addWorker(~diagnostic~) {"metadata":{"emulator":{"name":"functions"},"message":"[worker-pool] addWorker(~diagnostic~)"}}
[debug] [2021-05-31T04:14:27.820Z] [worker-pool] Adding worker with key ~diagnostic~, total=2 {"metadata":{"emulator":{"name":"functions"},"message":"[worker-pool] Adding worker with key ~diagnostic~, total=2"}}
[debug] [2021-05-31T04:14:27.820Z] [worker-pool] submitWork(triggerId=) {"metadata":{"emulator":{"name":"functions"},"message":"[worker-pool] submitWork(triggerId=)"}}
[debug] [2021-05-31T04:14:27.820Z] [worker-~diagnostic~-2251381e-5fda-435c-af18-dac7b8a54486]: Assigning socketPath: \\?\pipe\E:\amazonclone\amazon-clone\functions\1808 {"metadata":{"emulator":{"name":"functions"},"message":"[worker-~diagnostic~-2251381e-5fda-435c-af18-dac7b8a54486]: Assigning socketPath: \\\\?\\pipe\\E:\\amazonclone\\amazon-clone\\functions\\1808"}}
[debug] [2021-05-31T04:14:27.820Z] [worker-~diagnostic~-2251381e-5fda-435c-af18-dac7b8a54486]: BUSY {"metadata":{"emulator":{"name":"functions"},"message":"[worker-~diagnostic~-2251381e-5fda-435c-af18-dac7b8a54486]: BUSY"}}
[debug] [2021-05-31T04:14:27.897Z] [runtime-status] [1880] Functions runtime initialized. {"cwd":"E:\\amazonclone\\amazon-clone\\functions","node_version":"14.17.0"} {"metadata":{"emulator":{"name":"functions"},"message":"[runtime-status] [1880] Functions runtime initialized. {\"cwd\":\"E:\\\\amazonclone\\\\amazon-clone\\\\functions\",\"node_version\":\"14.17.0\"}"}}
[debug] [2021-05-31T04:14:27.898Z] [runtime-status] [1880] Disabled runtime features: undefined {"metadata":{"emulator":{"name":"functions"},"message":"[runtime-status] [1880] Disabled runtime features: undefined"}}
[debug] [2021-05-31T04:14:27.901Z] [runtime-status] [1880] Resolved module firebase-admin {"declared":true,"installed":true,"version":"9.9.0","resolution":"E:\\amazonclone\\amazon-clone\\functions\\node_modules\\firebase-admin\\lib\\index.js"} {"metadata":{"emulator":{"name":"functions"},"message":"[runtime-status] [1880] Resolved module firebase-admin {\"declared\":true,\"installed\":true,\"version\":\"9.9.0\",\"resolution\":\"E:\\\\amazonclone\\\\amazon-clone\\\\functions\\\\node_modules\\\\firebase-admin\\\\lib\\\\index.js\"}"}}
[debug] [2021-05-31T04:14:27.902Z] [runtime-status] [1880] Resolved module firebase-functions {"declared":true,"installed":true,"version":"3.14.1","resolution":"E:\\amazonclone\\amazon-clone\\functions\\node_modules\\firebase-functions\\lib\\index.js"} {"metadata":{"emulator":{"name":"functions"},"message":"[runtime-status] [1880] Resolved module firebase-functions {\"declared\":true,\"installed\":true,\"version\":\"3.14.1\",\"resolution\":\"E:\\\\amazonclone\\\\amazon-clone\\\\functions\\\\node_modules\\\\firebase-functions\\\\lib\\\\index.js\"}"}}
[debug] [2021-05-31T04:14:27.903Z] [runtime-status] [1880] Resolved module firebase-functions {"declared":true,"installed":true,"version":"3.14.1","resolution":"E:\\amazonclone\\amazon-clone\\functions\\node_modules\\firebase-functions\\lib\\index.js"} {"metadata":{"emulator":{"name":"functions"},"message":"[runtime-status] [1880] Resolved module firebase-functions {\"declared\":true,\"installed\":true,\"version\":\"3.14.1\",\"resolution\":\"E:\\\\amazonclone\\\\amazon-clone\\\\functions\\\\node_modules\\\\firebase-functions\\\\lib\\\\index.js\"}"}}
[debug] [2021-05-31T04:14:27.905Z] [runtime-status] [1880] Outgoing network have been stubbed. [{"name":"http","status":"mocked"},{"name":"http","status":"mocked"},{"name":"https","status":"mocked"},{"name":"https","status":"mocked"},{"name":"net","status":"mocked"}] {"metadata":{"emulator":{"name":"functions"},"message":"[runtime-status] [1880] Outgoing network have been stubbed. [{\"name\":\"http\",\"status\":\"mocked\"},{\"name\":\"http\",\"status\":\"mocked\"},{\"name\":\"https\",\"status\":\"mocked\"},{\"name\":\"https\",\"status\":\"mocked\"},{\"name\":\"net\",\"status\":\"mocked\"}]"}}
[debug] [2021-05-31T04:14:27.905Z] [runtime-status] [1880] Resolved module firebase-functions {"declared":true,"installed":true,"version":"3.14.1","resolution":"E:\\amazonclone\\amazon-clone\\functions\\node_modules\\firebase-functions\\lib\\index.js"} {"metadata":{"emulator":{"name":"functions"},"message":"[runtime-status] [1880] Resolved module firebase-functions {\"declared\":true,\"installed\":true,\"version\":\"3.14.1\",\"resolution\":\"E:\\\\amazonclone\\\\amazon-clone\\\\functions\\\\node_modules\\\\firebase-functions\\\\lib\\\\index.js\"}"}}
[debug] [2021-05-31T04:14:27.977Z] [runtime-status] [1808] Functions runtime initialized. {"cwd":"E:\\amazonclone\\amazon-clone\\functions","node_version":"14.17.0"} {"metadata":{"emulator":{"name":"functions"},"message":"[runtime-status] [1808] Functions runtime initialized. {\"cwd\":\"E:\\\\amazonclone\\\\amazon-clone\\\\functions\",\"node_version\":\"14.17.0\"}"}}
[debug] [2021-05-31T04:14:27.978Z] [runtime-status] [1808] Disabled runtime features: undefined {"metadata":{"emulator":{"name":"functions"},"message":"[runtime-status] [1808] Disabled runtime features: undefined"}}
[debug] [2021-05-31T04:14:27.981Z] [runtime-status] [1808] Resolved module firebase-admin {"declared":true,"installed":true,"version":"9.9.0","resolution":"E:\\amazonclone\\amazon-clone\\functions\\node_modules\\firebase-admin\\lib\\index.js"} {"metadata":{"emulator":{"name":"functions"},"message":"[runtime-status] [1808] Resolved module firebase-admin {\"declared\":true,\"installed\":true,\"version\":\"9.9.0\",\"resolution\":\"E:\\\\amazonclone\\\\amazon-clone\\\\functions\\\\node_modules\\\\firebase-admin\\\\lib\\\\index.js\"}"}}
[debug] [2021-05-31T04:14:27.983Z] [runtime-status] [1808] Resolved module firebase-functions {"declared":true,"installed":true,"version":"3.14.1","resolution":"E:\\amazonclone\\amazon-clone\\functions\\node_modules\\firebase-functions\\lib\\index.js"} {"metadata":{"emulator":{"name":"functions"},"message":"[runtime-status] [1808] Resolved module firebase-functions {\"declared\":true,\"installed\":true,\"version\":\"3.14.1\",\"resolution\":\"E:\\\\amazonclone\\\\amazon-clone\\\\functions\\\\node_modules\\\\firebase-functions\\\\lib\\\\index.js\"}"}}
[debug] [2021-05-31T04:14:27.985Z] [runtime-status] [1808] Resolved module firebase-functions {"declared":true,"installed":true,"version":"3.14.1","resolution":"E:\\amazonclone\\amazon-clone\\functions\\node_modules\\firebase-functions\\lib\\index.js"} {"metadata":{"emulator":{"name":"functions"},"message":"[runtime-status] [1808] Resolved module firebase-functions {\"declared\":true,\"installed\":true,\"version\":\"3.14.1\",\"resolution\":\"E:\\\\amazonclone\\\\amazon-clone\\\\functions\\\\node_modules\\\\firebase-functions\\\\lib\\\\index.js\"}"}}
[debug] [2021-05-31T04:14:27.986Z] [runtime-status] [1808] Outgoing network have been stubbed. [{"name":"http","status":"mocked"},{"name":"http","status":"mocked"},{"name":"https","status":"mocked"},{"name":"https","status":"mocked"},{"name":"net","status":"mocked"}] {"metadata":{"emulator":{"name":"functions"},"message":"[runtime-status] [1808] Outgoing network have been stubbed. [{\"name\":\"http\",\"status\":\"mocked\"},{\"name\":\"http\",\"status\":\"mocked\"},{\"name\":\"https\",\"status\":\"mocked\"},{\"name\":\"https\",\"status\":\"mocked\"},{\"name\":\"net\",\"status\":\"mocked\"}]"}}
[debug] [2021-05-31T04:14:27.988Z] [runtime-status] [1808] Resolved module firebase-functions {"declared":true,"installed":true,"version":"3.14.1","resolution":"E:\\amazonclone\\amazon-clone\\functions\\node_modules\\firebase-functions\\lib\\index.js"} {"metadata":{"emulator":{"name":"functions"},"message":"[runtime-status] [1808] Resolved module firebase-functions {\"declared\":true,\"installed\":true,\"version\":\"3.14.1\",\"resolution\":\"E:\\\\amazonclone\\\\amazon-clone\\\\functions\\\\node_modules\\\\firebase-functions\\\\lib\\\\index.js\"}"}}
[debug] [2021-05-31T04:14:28.718Z] [runtime-status] [1880] Checked functions.config() {"config":{}} {"metadata":{"emulator":{"name":"functions"},"message":"[runtime-status] [1880] Checked functions.config() {\"config\":{}}"}}
[debug] [2021-05-31T04:14:28.718Z] [runtime-status] [1808] Checked functions.config() {"config":{}} {"metadata":{"emulator":{"name":"functions"},"message":"[runtime-status] [1808] Checked functions.config() {\"config\":{}}"}}
[debug] [2021-05-31T04:14:28.718Z] [runtime-status] [1808] firebase-functions has been stubbed. {"functionsResolution":{"declared":true,"installed":true,"version":"3.14.1","resolution":"E:\\amazonclone\\amazon-clone\\functions\\node_modules\\firebase-functions\\lib\\index.js"}} {"metadata":{"emulator":{"name":"functions"},"message":"[runtime-status] [1808] firebase-functions has been stubbed. {\"functionsResolution\":{\"declared\":true,\"installed\":true,\"version\":\"3.14.1\",\"resolution\":\"E:\\\\amazonclone\\\\amazon-clone\\\\functions\\\\node_modules\\\\firebase-functions\\\\lib\\\\index.js\"}}"}}
[debug] [2021-05-31T04:14:28.718Z] [runtime-status] [1880] firebase-functions has been stubbed. {"functionsResolution":{"declared":true,"installed":true,"version":"3.14.1","resolution":"E:\\amazonclone\\amazon-clone\\functions\\node_modules\\firebase-functions\\lib\\index.js"}} {"metadata":{"emulator":{"name":"functions"},"message":"[runtime-status] [1880] firebase-functions has been stubbed. {\"functionsResolution\":{\"declared\":true,\"installed\":true,\"version\":\"3.14.1\",\"resolution\":\"E:\\\\amazonclone\\\\amazon-clone\\\\functions\\\\node_modules\\\\firebase-functions\\\\lib\\\\index.js\"}}"}}
[debug] [2021-05-31T04:14:28.718Z] [runtime-status] [1808] Resolved module firebase-functions {"declared":true,"installed":true,"version":"3.14.1","resolution":"E:\\amazonclone\\amazon-clone\\functions\\node_modules\\firebase-functions\\lib\\index.js"} {"metadata":{"emulator":{"name":"functions"},"message":"[runtime-status] [1808] Resolved module firebase-functions {\"declared\":true,\"installed\":true,\"version\":\"3.14.1\",\"resolution\":\"E:\\\\amazonclone\\\\amazon-clone\\\\functions\\\\node_modules\\\\firebase-functions\\\\lib\\\\index.js\"}"}}
[debug] [2021-05-31T04:14:28.719Z] [runtime-status] [1880] Resolved module firebase-functions {"declared":true,"installed":true,"version":"3.14.1","resolution":"E:\\amazonclone\\amazon-clone\\functions\\node_modules\\firebase-functions\\lib\\index.js"} {"metadata":{"emulator":{"name":"functions"},"message":"[runtime-status] [1880] Resolved module firebase-functions {\"declared\":true,\"installed\":true,\"version\":\"3.14.1\",\"resolution\":\"E:\\\\amazonclone\\\\amazon-clone\\\\functions\\\\node_modules\\\\firebase-functions\\\\lib\\\\index.js\"}"}}
[debug] [2021-05-31T04:14:28.719Z] [runtime-status] [1808] Resolved module firebase-admin {"declared":true,"installed":true,"version":"9.9.0","resolution":"E:\\amazonclone\\amazon-clone\\functions\\node_modules\\firebase-admin\\lib\\index.js"} {"metadata":{"emulator":{"name":"functions"},"message":"[runtime-status] [1808] Resolved module firebase-admin {\"declared\":true,\"installed\":true,\"version\":\"9.9.0\",\"resolution\":\"E:\\\\amazonclone\\\\amazon-clone\\\\functions\\\\node_modules\\\\firebase-admin\\\\lib\\\\index.js\"}"}}
[debug] [2021-05-31T04:14:28.720Z] [runtime-status] [1880] Resolved module firebase-admin {"declared":true,"installed":true,"version":"9.9.0","resolution":"E:\\amazonclone\\amazon-clone\\functions\\node_modules\\firebase-admin\\lib\\index.js"} {"metadata":{"emulator":{"name":"functions"},"message":"[runtime-status] [1880] Resolved module firebase-admin {\"declared\":true,\"installed\":true,\"version\":\"9.9.0\",\"resolution\":\"E:\\\\amazonclone\\\\amazon-clone\\\\functions\\\\node_modules\\\\firebase-admin\\\\lib\\\\index.js\"}"}}
[debug] [2021-05-31T04:14:28.720Z] [runtime-status] [1808] Resolved module firebase-functions {"declared":true,"installed":true,"version":"3.14.1","resolution":"E:\\amazonclone\\amazon-clone\\functions\\node_modules\\firebase-functions\\lib\\index.js"} {"metadata":{"emulator":{"name":"functions"},"message":"[runtime-status] [1808] Resolved module firebase-functions {\"declared\":true,\"installed\":true,\"version\":\"3.14.1\",\"resolution\":\"E:\\\\amazonclone\\\\amazon-clone\\\\functions\\\\node_modules\\\\firebase-functions\\\\lib\\\\index.js\"}"}}
[debug] [2021-05-31T04:14:28.720Z] [runtime-status] [1880] Resolved module firebase-functions {"declared":true,"installed":true,"version":"3.14.1","resolution":"E:\\amazonclone\\amazon-clone\\functions\\node_modules\\firebase-functions\\lib\\index.js"} {"metadata":{"emulator":{"name":"functions"},"message":"[runtime-status] [1880] Resolved module firebase-functions {\"declared\":true,\"installed\":true,\"version\":\"3.14.1\",\"resolution\":\"E:\\\\amazonclone\\\\amazon-clone\\\\functions\\\\node_modules\\\\firebase-functions\\\\lib\\\\index.js\"}"}}
[debug] [2021-05-31T04:14:28.720Z] [runtime-status] [1880] firebase-admin has been stubbed. {"adminResolution":{"declared":true,"installed":true,"version":"9.9.0","resolution":"E:\\amazonclone\\amazon-clone\\functions\\node_modules\\firebase-admin\\lib\\index.js"}} {"metadata":{"emulator":{"name":"functions"},"message":"[runtime-status] [1880] firebase-admin has been stubbed. {\"adminResolution\":{\"declared\":true,\"installed\":true,\"version\":\"9.9.0\",\"resolution\":\"E:\\\\amazonclone\\\\amazon-clone\\\\functions\\\\node_modules\\\\firebase-admin\\\\lib\\\\index.js\"}}"}}
[debug] [2021-05-31T04:14:28.720Z] [runtime-status] [1808] firebase-admin has been stubbed. {"adminResolution":{"declared":true,"installed":true,"version":"9.9.0","resolution":"E:\\amazonclone\\amazon-clone\\functions\\node_modules\\firebase-admin\\lib\\index.js"}} {"metadata":{"emulator":{"name":"functions"},"message":"[runtime-status] [1808] firebase-admin has been stubbed. {\"adminResolution\":{\"declared\":true,\"installed\":true,\"version\":\"9.9.0\",\"resolution\":\"E:\\\\amazonclone\\\\amazon-clone\\\\functions\\\\node_modules\\\\firebase-admin\\\\lib\\\\index.js\"}}"}}
[debug] [2021-05-31T04:14:29.869Z] [worker-~diagnostic~-69530465-9511-4c51-97ac-581192cad962]: IDLE --> FINISHING {"metadata":{"emulator":{"name":"functions"},"message":"[worker-~diagnostic~-69530465-9511-4c51-97ac-581192cad962]: IDLE --> FINISHING"}}
[debug] [2021-05-31T04:14:29.870Z] [worker-~diagnostic~-2251381e-5fda-435c-af18-dac7b8a54486]: IDLE {"metadata":{"emulator":{"name":"functions"},"message":"[worker-~diagnostic~-2251381e-5fda-435c-af18-dac7b8a54486]: IDLE"}}
[debug] [2021-05-31T04:14:29.875Z] [worker-~diagnostic~-69530465-9511-4c51-97ac-581192cad962]: exited {"metadata":{"emulator":{"name":"functions"},"message":"[worker-~diagnostic~-69530465-9511-4c51-97ac-581192cad962]: exited"}}
[debug] [2021-05-31T04:14:29.875Z] [worker-~diagnostic~-69530465-9511-4c51-97ac-581192cad962]: FINISHED {"metadata":{"emulator":{"name":"functions"},"message":"[worker-~diagnostic~-69530465-9511-4c51-97ac-581192cad962]: FINISHED"}}
[debug] [2021-05-31T04:14:34.849Z] [work-queue] {"queueLength":1,"workRunningCount":0}
[debug] [2021-05-31T04:14:34.850Z] [work-queue] {"queueLength":0,"workRunningCount":1}
[debug] [2021-05-31T04:14:34.851Z] [work-queue] {"queueLength":0,"workRunningCount":0}
[debug] [2021-05-31T04:14:44.693Z] [work-queue] {"queueLength":1,"workRunningCount":0}
[debug] [2021-05-31T04:14:44.693Z] [work-queue] {"queueLength":0,"workRunningCount":1}
[debug] [2021-05-31T04:14:44.694Z] [work-queue] {"queueLength":0,"workRunningCount":0}
[debug] [2021-05-31T04:15:04.239Z] [work-queue] {"queueLength":1,"workRunningCount":0}
[debug] [2021-05-31T04:15:04.240Z] [work-queue] {"queueLength":0,"workRunningCount":1}
[debug] [2021-05-31T04:15:04.240Z] [work-queue] {"queueLength":0,"workRunningCount":0}
[debug] [2021-05-31T04:15:23.425Z] [work-queue] {"queueLength":1,"workRunningCount":0}
[debug] [2021-05-31T04:15:23.425Z] [work-queue] {"queueLength":0,"workRunningCount":1}
[debug] [2021-05-31T04:15:23.425Z] Accepted request GET /clone-4d3a2/us-central1/api --> us-central1-api
[debug] [2021-05-31T04:15:23.426Z] [worker-pool] Cleaned up workers for ~diagnostic~: 2 --> 1 {"metadata":{"emulator":{"name":"functions"},"message":"[worker-pool] Cleaned up workers for ~diagnostic~: 2 --> 1"}}
[debug] [2021-05-31T04:15:23.432Z] [worker-pool] addWorker(us-central1-api) {"metadata":{"emulator":{"name":"functions"},"message":"[worker-pool] addWorker(us-central1-api)"}}
[debug] [2021-05-31T04:15:23.433Z] [worker-pool] Adding worker with key us-central1-api, total=1 {"metadata":{"emulator":{"name":"functions"},"message":"[worker-pool] Adding worker with key us-central1-api, total=1"}}
[debug] [2021-05-31T04:15:23.433Z] [worker-pool] submitWork(triggerId=us-central1-api) {"metadata":{"emulator":{"name":"functions"},"message":"[worker-pool] submitWork(triggerId=us-central1-api)"}}
[debug] [2021-05-31T04:15:23.433Z] [worker-us-central1-api-ec8d689c-1a06-45bb-b976-f9246894a7f2]: Assigning socketPath: \\?\pipe\E:\amazonclone\amazon-clone\functions\8212 {"metadata":{"emulator":{"name":"functions"},"message":"[worker-us-central1-api-ec8d689c-1a06-45bb-b976-f9246894a7f2]: Assigning socketPath: \\\\?\\pipe\\E:\\amazonclone\\amazon-clone\\functions\\8212"}}
[debug] [2021-05-31T04:15:23.433Z] [worker-us-central1-api-ec8d689c-1a06-45bb-b976-f9246894a7f2]: BUSY {"metadata":{"emulator":{"name":"functions"},"message":"[worker-us-central1-api-ec8d689c-1a06-45bb-b976-f9246894a7f2]: BUSY"}}
[debug] [2021-05-31T04:15:23.627Z] [runtime-status] [8212] Functions runtime initialized. {"cwd":"E:\\amazonclone\\amazon-clone\\functions","node_version":"14.17.0"} {"metadata":{"emulator":{"name":"functions"},"function":{"name":"us-central1-api"},"message":"[runtime-status] [8212] Functions runtime initialized. {\"cwd\":\"E:\\\\amazonclone\\\\amazon-clone\\\\functions\",\"node_version\":\"14.17.0\"}"}}
[debug] [2021-05-31T04:15:23.628Z] [runtime-status] [8212] Disabled runtime features: undefined {"metadata":{"emulator":{"name":"functions"},"function":{"name":"us-central1-api"},"message":"[runtime-status] [8212] Disabled runtime features: undefined"}}
[debug] [2021-05-31T04:15:23.630Z] [runtime-status] [8212] Resolved module firebase-admin {"declared":true,"installed":true,"version":"9.9.0","resolution":"E:\\amazonclone\\amazon-clone\\functions\\node_modules\\firebase-admin\\lib\\index.js"} {"metadata":{"emulator":{"name":"functions"},"function":{"name":"us-central1-api"},"message":"[runtime-status] [8212] Resolved module firebase-admin {\"declared\":true,\"installed\":true,\"version\":\"9.9.0\",\"resolution\":\"E:\\\\amazonclone\\\\amazon-clone\\\\functions\\\\node_modules\\\\firebase-admin\\\\lib\\\\index.js\"}"}}
[debug] [2021-05-31T04:15:23.632Z] [runtime-status] [8212] Resolved module firebase-functions {"declared":true,"installed":true,"version":"3.14.1","resolution":"E:\\amazonclone\\amazon-clone\\functions\\node_modules\\firebase-functions\\lib\\index.js"} {"metadata":{"emulator":{"name":"functions"},"function":{"name":"us-central1-api"},"message":"[runtime-status] [8212] Resolved module firebase-functions {\"declared\":true,\"installed\":true,\"version\":\"3.14.1\",\"resolution\":\"E:\\\\amazonclone\\\\amazon-clone\\\\functions\\\\node_modules\\\\firebase-functions\\\\lib\\\\index.js\"}"}}
[debug] [2021-05-31T04:15:23.634Z] [runtime-status] [8212] Resolved module firebase-functions {"declared":true,"installed":true,"version":"3.14.1","resolution":"E:\\amazonclone\\amazon-clone\\functions\\node_modules\\firebase-functions\\lib\\index.js"} {"metadata":{"emulator":{"name":"functions"},"function":{"name":"us-central1-api"},"message":"[runtime-status] [8212] Resolved module firebase-functions {\"declared\":true,\"installed\":true,\"version\":\"3.14.1\",\"resolution\":\"E:\\\\amazonclone\\\\amazon-clone\\\\functions\\\\node_modules\\\\firebase-functions\\\\lib\\\\index.js\"}"}}
[debug] [2021-05-31T04:15:23.635Z] [runtime-status] [8212] Outgoing network have been stubbed. [{"name":"http","status":"mocked"},{"name":"http","status":"mocked"},{"name":"https","status":"mocked"},{"name":"https","status":"mocked"},{"name":"net","status":"mocked"}] {"metadata":{"emulator":{"name":"functions"},"function":{"name":"us-central1-api"},"message":"[runtime-status] [8212] Outgoing network have been stubbed. [{\"name\":\"http\",\"status\":\"mocked\"},{\"name\":\"http\",\"status\":\"mocked\"},{\"name\":\"https\",\"status\":\"mocked\"},{\"name\":\"https\",\"status\":\"mocked\"},{\"name\":\"net\",\"status\":\"mocked\"}]"}}
[debug] [2021-05-31T04:15:23.635Z] [runtime-status] [8212] Resolved module firebase-functions {"declared":true,"installed":true,"version":"3.14.1","resolution":"E:\\amazonclone\\amazon-clone\\functions\\node_modules\\firebase-functions\\lib\\index.js"} {"metadata":{"emulator":{"name":"functions"},"function":{"name":"us-central1-api"},"message":"[runtime-status] [8212] Resolved module firebase-functions {\"declared\":true,\"installed\":true,\"version\":\"3.14.1\",\"resolution\":\"E:\\\\amazonclone\\\\amazon-clone\\\\functions\\\\node_modules\\\\firebase-functions\\\\lib\\\\index.js\"}"}}
[debug] [2021-05-31T04:15:23.672Z] [runtime-status] [8212] Checked functions.config() {"config":{}} {"metadata":{"emulator":{"name":"functions"},"function":{"name":"us-central1-api"},"message":"[runtime-status] [8212] Checked functions.config() {\"config\":{}}"}}
[debug] [2021-05-31T04:15:23.672Z] [runtime-status] [8212] firebase-functions has been stubbed. {"functionsResolution":{"declared":true,"installed":true,"version":"3.14.1","resolution":"E:\\amazonclone\\amazon-clone\\functions\\node_modules\\firebase-functions\\lib\\index.js"}} {"metadata":{"emulator":{"name":"functions"},"function":{"name":"us-central1-api"},"message":"[runtime-status] [8212] firebase-functions has been stubbed. {\"functionsResolution\":{\"declared\":true,\"installed\":true,\"version\":\"3.14.1\",\"resolution\":\"E:\\\\amazonclone\\\\amazon-clone\\\\functions\\\\node_modules\\\\firebase-functions\\\\lib\\\\index.js\"}}"}}
[debug] [2021-05-31T04:15:23.672Z] [runtime-status] [8212] Resolved module firebase-functions {"declared":true,"installed":true,"version":"3.14.1","resolution":"E:\\amazonclone\\amazon-clone\\functions\\node_modules\\firebase-functions\\lib\\index.js"} {"metadata":{"emulator":{"name":"functions"},"function":{"name":"us-central1-api"},"message":"[runtime-status] [8212] Resolved module firebase-functions {\"declared\":true,\"installed\":true,\"version\":\"3.14.1\",\"resolution\":\"E:\\\\amazonclone\\\\amazon-clone\\\\functions\\\\node_modules\\\\firebase-functions\\\\lib\\\\index.js\"}"}}
[debug] [2021-05-31T04:15:23.673Z] [runtime-status] [8212] Resolved module firebase-admin {"declared":true,"installed":true,"version":"9.9.0","resolution":"E:\\amazonclone\\amazon-clone\\functions\\node_modules\\firebase-admin\\lib\\index.js"} {"metadata":{"emulator":{"name":"functions"},"function":{"name":"us-central1-api"},"message":"[runtime-status] [8212] Resolved module firebase-admin {\"declared\":true,\"installed\":true,\"version\":\"9.9.0\",\"resolution\":\"E:\\\\amazonclone\\\\amazon-clone\\\\functions\\\\node_modules\\\\firebase-admin\\\\lib\\\\index.js\"}"}}
[debug] [2021-05-31T04:15:23.674Z] [runtime-status] [8212] Resolved module firebase-functions {"declared":true,"installed":true,"version":"3.14.1","resolution":"E:\\amazonclone\\amazon-clone\\functions\\node_modules\\firebase-functions\\lib\\index.js"} {"metadata":{"emulator":{"name":"functions"},"function":{"name":"us-central1-api"},"message":"[runtime-status] [8212] Resolved module firebase-functions {\"declared\":true,\"installed\":true,\"version\":\"3.14.1\",\"resolution\":\"E:\\\\amazonclone\\\\amazon-clone\\\\functions\\\\node_modules\\\\firebase-functions\\\\lib\\\\index.js\"}"}}
[debug] [2021-05-31T04:15:23.674Z] [runtime-status] [8212] firebase-admin has been stubbed. {"adminResolution":{"declared":true,"installed":true,"version":"9.9.0","resolution":"E:\\amazonclone\\amazon-clone\\functions\\node_modules\\firebase-admin\\lib\\index.js"}} {"metadata":{"emulator":{"name":"functions"},"function":{"name":"us-central1-api"},"message":"[runtime-status] [8212] firebase-admin has been stubbed. {\"adminResolution\":{\"declared\":true,\"installed\":true,\"version\":\"9.9.0\",\"resolution\":\"E:\\\\amazonclone\\\\amazon-clone\\\\functions\\\\node_modules\\\\firebase-admin\\\\lib\\\\index.js\"}}"}}
[debug] [2021-05-31T04:15:23.803Z] [runtime-status] [8212] Trigger "us-central1-api" has been found, beginning invocation! {"metadata":{"emulator":{"name":"functions"},"function":{"name":"us-central1-api"},"message":"[runtime-status] [8212] Trigger \"us-central1-api\" has been found, beginning invocation!"}}
[info] i  functions: Beginning execution of "us-central1-api" {"metadata":{"emulator":{"name":"functions"},"function":{"name":"us-central1-api"},"message":"Beginning execution of \"us-central1-api\""}}
[debug] [2021-05-31T04:15:23.804Z] [runtime-status] [8212] triggerDefinition {"httpsTrigger":{},"name":"api","entryPoint":"api","regions":["us-central1"],"region":"us-central1","id":"us-central1-api"} {"metadata":{"emulator":{"name":"functions"},"function":{"name":"us-central1-api"},"message":"[runtime-status] [8212] triggerDefinition {\"httpsTrigger\":{},\"name\":\"api\",\"entryPoint\":\"api\",\"regions\":[\"us-central1\"],\"region\":\"us-central1\",\"id\":\"us-central1-api\"}"}}
[debug] [2021-05-31T04:15:23.804Z] [runtime-status] [8212] Running us-central1-api in mode HTTPS {"metadata":{"emulator":{"name":"functions"},"function":{"name":"us-central1-api"},"message":"[runtime-status] [8212] Running us-central1-api in mode HTTPS"}}
[debug] [2021-05-31T04:15:23.807Z] [runtime-status] [8212] Attempting to listen to socketPath: \\?\pipe\E:\amazonclone\amazon-clone\functions\8212 {"metadata":{"emulator":{"name":"functions"},"function":{"name":"us-central1-api"},"message":"[runtime-status] [8212] Attempting to listen to socketPath: \\\\?\\pipe\\E:\\amazonclone\\amazon-clone\\functions\\8212"}}
[debug] [2021-05-31T04:15:23.810Z] [functions] Runtime ready! Sending request! {"metadata":{"emulator":{"name":"functions"},"message":"[functions] Runtime ready! Sending request!"}}
[debug] [2021-05-31T04:15:23.810Z] [functions] Got req.url=/clone-4d3a2/us-central1/api, mapping to path=/ {"metadata":{"emulator":{"name":"functions"},"message":"[functions] Got req.url=/clone-4d3a2/us-central1/api, mapping to path=/"}}
[debug] [2021-05-31T04:15:23.815Z] [runtime-status] [8212] Ephemeral server handling GET request {"metadata":{"emulator":{"name":"functions"},"function":{"name":"us-central1-api"},"message":"[runtime-status] [8212] Ephemeral server handling GET request"}}
[debug] [2021-05-31T04:15:23.820Z] [runtime-status] [8212] Ephemeral server survived. {"metadata":{"emulator":{"name":"functions"},"function":{"name":"us-central1-api"},"message":"[runtime-status] [8212] Ephemeral server survived."}}
[info] i  functions: Finished "us-central1-api" in ~1s {"metadata":{"emulator":{"name":"functions"},"function":{"name":"us-central1-api"},"message":"Finished \"us-central1-api\" in ~1s"}}
[debug] [2021-05-31T04:15:23.823Z] [worker-us-central1-api-ec8d689c-1a06-45bb-b976-f9246894a7f2]: IDLE {"metadata":{"emulator":{"name":"functions"},"message":"[worker-us-central1-api-ec8d689c-1a06-45bb-b976-f9246894a7f2]: IDLE"}}
[debug] [2021-05-31T04:15:23.824Z] [work-queue] {"queueLength":0,"workRunningCount":0}
