[debug] [2021-05-28T09:06:58.425Z] ----------------------------------------------------------------------
[debug] [2021-05-28T09:06:58.428Z] Command:       C:\Program Files\nodejs\node.exe C:\Users\Zebronics\AppData\Roaming\npm\node_modules\firebase-tools\lib\bin\firebase.js init
[debug] [2021-05-28T09:06:58.428Z] CLI Version:   9.12.0
[debug] [2021-05-28T09:06:58.429Z] Platform:      win32
[debug] [2021-05-28T09:06:58.429Z] Node Version:  v14.16.0
[debug] [2021-05-28T09:06:58.430Z] Time:          Fri May 28 2021 14:36:58 GMT+0530 (India Standard Time)
[debug] [2021-05-28T09:06:58.430Z] ----------------------------------------------------------------------
[debug] 
[debug] [2021-05-28T09:06:58.456Z] > command requires scopes: ["email","openid","https://www.googleapis.com/auth/cloudplatformprojects.readonly","https://www.googleapis.com/auth/firebase","https://www.googleapis.com/auth/cloud-platform"]
[debug] [2021-05-28T09:06:58.456Z] > authorizing via signed-in user (mdshahansha822@gmail.com)
[info] 
     ######## #### ########  ######## ########     ###     ######  ########
     ##        ##  ##     ## ##       ##     ##  ##   ##  ##       ##
     ######    ##  ########  ######   ########  #########  ######  ######
     ##        ##  ##    ##  ##       ##     ## ##     ##       ## ##
     ##       #### ##     ## ######## ########  ##     ##  ######  ########

You're about to initialize a Firebase project in this directory:

  E:\amazonclone\amazon-clone

[info] 
=== Project Setup
[info] 
[info] First, let's associate this project directory with a Firebase project.
[info] You can create multiple project aliases by running firebase use --add, 
[info] but for now we'll just set up a default project.
[info] 
[debug] [2021-05-28T09:09:43.839Z] >>> [apiv2][query] GET https://firebase.googleapis.com/v1beta1/projects pageSize=100
[debug] [2021-05-28T09:09:44.861Z] <<< [apiv2][status] GET https://firebase.googleapis.com/v1beta1/projects 200
[debug] [2021-05-28T09:09:44.861Z] <<< [apiv2][body] GET https://firebase.googleapis.com/v1beta1/projects [omitted]
[info] i  Using project clone-4d3a2 (amazon-clone) 
[info] 
=== Hosting Setup
[info] 
[info] Your public directory is the folder (relative to your project directory) that
[info] will contain Hosting assets to be uploaded with firebase deploy. If you
[info] have a build process for your assets, use your build's output directory.
[info] 
[debug] [2021-05-28T09:10:44.617Z] >>> [apiv2][query] GET https://www.gstatic.com/firebasejs/releases.json [none]
[debug] [2021-05-28T09:10:45.133Z] <<< [apiv2][status] GET https://www.gstatic.com/firebasejs/releases.json 200
[debug] [2021-05-28T09:10:45.134Z] <<< [apiv2][body] GET https://www.gstatic.com/firebasejs/releases.json {"current":{"version":"8.6.3","browserURL":"https://www.gstatic.com/firebasejs/8.6.3/firebase.js","packageURL":"https://www.gstatic.com/firebasejs/8.6.3/firebase.tgz"},"live":{"version":"8.6","browserURL":"https://www.gstatic.com/firebasejs/live/8.6/firebase.js","packageURL":"https://www.gstatic.com/firebasejs/live/8.6/firebase.tgz"},"components":{"analytics":"https://www.gstatic.com/firebasejs/8.6.3/firebase-analytics.js","app":"https://www.gstatic.com/firebasejs/8.6.3/firebase-app.js","app-check":"https://www.gstatic.com/firebasejs/8.6.3/firebase-app-check.js","auth":"https://www.gstatic.com/firebasejs/8.6.3/firebase-auth.js","database":"https://www.gstatic.com/firebasejs/8.6.3/firebase-database.js","firestore":"https://www.gstatic.com/firebasejs/8.6.3/firebase-firestore.js","functions":"https://www.gstatic.com/firebasejs/8.6.3/firebase-functions.js","installations":"https://www.gstatic.com/firebasejs/8.6.3/firebase-installations.js","messaging":"https://www.gstatic.com/firebasejs/8.6.3/firebase-messaging.js","storage":"https://www.gstatic.com/firebasejs/8.6.3/firebase-storage.js","performance":"https://www.gstatic.com/firebasejs/8.6.3/firebase-performance.js","remote-config":"https://www.gstatic.com/firebasejs/8.6.3/firebase-remote-config.js","firestore.memory":"https://www.gstatic.com/firebasejs/8.6.3/firebase-firestore.memory.js"}}
[info] +  Wrote build/index.html 
[info] 
[info] i  Detected a .git folder at E:\amazonclone\amazon-clone 
[info] i  Authorizing with GitHub to upload your service account to a GitHub repository's secrets store. 
[info] 
[info] Visit this URL on this device to log in:
[info] https://github.com/login/oauth/authorize?client_id=89cf50f02ac6aaed3484&state=546112907&redirect_uri=http%3A%2F%2Flocalhost%3A9005&scope=read%3Auser%20repo%20public_repo
[info] 
[info] Waiting for authentication...
[debug] [2021-05-28T09:10:45.386Z] Error: spawn cmd ENOENT
    at Process.ChildProcess._handle.onexit (internal/child_process.js:269:19)
    at onErrorNT (internal/child_process.js:465:16)
    at processTicksAndRejections (internal/process/task_queues.js:80:21)
[error] 
[error] Error: An unexpected error has occurred.
[debug] [2021-05-28T16:23:29.488Z] ----------------------------------------------------------------------
[debug] [2021-05-28T16:23:29.492Z] Command:       C:\Program Files\nodejs\node.exe C:\Users\Zebronics\AppData\Roaming\npm\node_modules\firebase-tools\lib\bin\firebase.js init
[debug] [2021-05-28T16:23:29.493Z] CLI Version:   9.12.0
[debug] [2021-05-28T16:23:29.493Z] Platform:      win32
[debug] [2021-05-28T16:23:29.493Z] Node Version:  v14.16.0
[debug] [2021-05-28T16:23:29.615Z] Time:          Fri May 28 2021 21:53:29 GMT+0530 (India Standard Time)
[debug] [2021-05-28T16:23:29.616Z] ----------------------------------------------------------------------
[debug] 
[debug] [2021-05-28T16:23:29.655Z] > command requires scopes: ["email","openid","https://www.googleapis.com/auth/cloudplatformprojects.readonly","https://www.googleapis.com/auth/firebase","https://www.googleapis.com/auth/cloud-platform"]
[debug] [2021-05-28T16:23:29.656Z] > authorizing via signed-in user (mdshahansha822@gmail.com)
[info] 
     ######## #### ########  ######## ########     ###     ######  ########
     ##        ##  ##     ## ##       ##     ##  ##   ##  ##       ##
     ######    ##  ########  ######   ########  #########  ######  ######
     ##        ##  ##    ##  ##       ##     ## ##     ##       ## ##
     ##       #### ##     ## ######## ########  ##     ##  ######  ########

You're about to initialize a Firebase project in this directory:

  E:\amazonclone\amazon-clone

[info] 
=== Project Setup
[info] 
[info] First, let's associate this project directory with a Firebase project.
[info] You can create multiple project aliases by running firebase use --add, 
[info] but for now we'll just set up a default project.
[info] 
[debug] [2021-05-28T16:24:19.004Z] > refreshing access token with scopes: []
[debug] [2021-05-28T16:24:19.004Z] >>> HTTP REQUEST POST https://www.googleapis.com/oauth2/v3/token  
 <request body omitted>
[debug] [2021-05-28T16:24:19.677Z] <<< HTTP RESPONSE 200 {"expires":"Mon, 01 Jan 1990 00:00:00 GMT","pragma":"no-cache","cache-control":"no-cache, no-store, max-age=0, must-revalidate","date":"Fri, 28 May 2021 16:24:20 GMT","content-type":"application/json; charset=utf-8","vary":"X-Origin, Referer, Origin,Accept-Encoding","server":"scaffolding on HTTPServer2","x-xss-protection":"0","x-frame-options":"SAMEORIGIN","x-content-type-options":"nosniff","alt-svc":"h3-29=\":443\"; ma=2592000,h3-T051=\":443\"; ma=2592000,h3-Q050=\":443\"; ma=2592000,h3-Q046=\":443\"; ma=2592000,h3-Q043=\":443\"; ma=2592000,quic=\":443\"; ma=2592000; v=\"46,43\"","accept-ranges":"none","transfer-encoding":"chunked"}
[debug] [2021-05-28T16:24:19.723Z] >>> [apiv2][query] GET https://firebase.googleapis.com/v1beta1/projects pageSize=100
[debug] [2021-05-28T16:24:20.537Z] <<< [apiv2][status] GET https://firebase.googleapis.com/v1beta1/projects 200
[debug] [2021-05-28T16:24:20.538Z] <<< [apiv2][body] GET https://firebase.googleapis.com/v1beta1/projects [omitted]
[info] i  Using project clone-4d3a2 (amazon-clone) 
[info] 
=== Hosting Setup
[info] 
[info] Your public directory is the folder (relative to your project directory) that
[info] will contain Hosting assets to be uploaded with firebase deploy. If you
[info] have a build process for your assets, use your build's output directory.
[info] 
[debug] [2021-05-28T16:24:42.451Z] >>> [apiv2][query] GET https://www.gstatic.com/firebasejs/releases.json [none]
[debug] [2021-05-28T16:24:42.881Z] <<< [apiv2][status] GET https://www.gstatic.com/firebasejs/releases.json 200
[debug] [2021-05-28T16:24:42.882Z] <<< [apiv2][body] GET https://www.gstatic.com/firebasejs/releases.json {"current":{"version":"8.6.3","browserURL":"https://www.gstatic.com/firebasejs/8.6.3/firebase.js","packageURL":"https://www.gstatic.com/firebasejs/8.6.3/firebase.tgz"},"live":{"version":"8.6","browserURL":"https://www.gstatic.com/firebasejs/live/8.6/firebase.js","packageURL":"https://www.gstatic.com/firebasejs/live/8.6/firebase.tgz"},"components":{"analytics":"https://www.gstatic.com/firebasejs/8.6.3/firebase-analytics.js","app":"https://www.gstatic.com/firebasejs/8.6.3/firebase-app.js","app-check":"https://www.gstatic.com/firebasejs/8.6.3/firebase-app-check.js","auth":"https://www.gstatic.com/firebasejs/8.6.3/firebase-auth.js","database":"https://www.gstatic.com/firebasejs/8.6.3/firebase-database.js","firestore":"https://www.gstatic.com/firebasejs/8.6.3/firebase-firestore.js","functions":"https://www.gstatic.com/firebasejs/8.6.3/firebase-functions.js","installations":"https://www.gstatic.com/firebasejs/8.6.3/firebase-installations.js","messaging":"https://www.gstatic.com/firebasejs/8.6.3/firebase-messaging.js","storage":"https://www.gstatic.com/firebasejs/8.6.3/firebase-storage.js","performance":"https://www.gstatic.com/firebasejs/8.6.3/firebase-performance.js","remote-config":"https://www.gstatic.com/firebasejs/8.6.3/firebase-remote-config.js","firestore.memory":"https://www.gstatic.com/firebasejs/8.6.3/firebase-firestore.memory.js"}}
[info] +  Wrote build/index.html 
[info] 
[info] i  Detected a .git folder at E:\amazonclone\amazon-clone 
[info] i  Authorizing with GitHub to upload your service account to a GitHub repository's secrets store. 
[info] 
[info] Visit this URL on this device to log in:
[info] https://github.com/login/oauth/authorize?client_id=89cf50f02ac6aaed3484&state=612529238&redirect_uri=http%3A%2F%2Flocalhost%3A9005&scope=read%3Auser%20repo%20public_repo
[info] 
[info] Waiting for authentication...
[debug] [2021-05-28T16:24:42.963Z] Error: spawn cmd ENOENT
    at Process.ChildProcess._handle.onexit (internal/child_process.js:269:19)
    at onErrorNT (internal/child_process.js:465:16)
    at processTicksAndRejections (internal/process/task_queues.js:80:21)
[error] 
[error] Error: An unexpected error has occurred.
